<?xml version="1.0" encoding="UTF-8"?>
<!-- Generated by org.testng.reporters.JUnitReportReporter -->
<testsuite hostname="vagrant" failures="0" tests="3" name="com.learning.testngintegration.TestRestClientErrorCase" time="0.012" errors="0" timestamp="2025-01-14T15:55:23 IST" skipped="0">
  <testcase classname="com.learning.testngintegration.TestRestClientErrorCase" name="testForInternalServerErrorResponse" time="0.004"/>
  <testcase classname="com.learning.testngintegration.TestRestClientErrorCase" name="testForNotFoundResponse" time="0.003"/>
  <testcase classname="com.learning.testngintegration.TestRestClientErrorCase" name="testForBadRequestResponse" time="0.005"/>
</testsuite> <!-- com.learning.testngintegration.TestRestClientErrorCase -->
