<?xml version="1.0" encoding="UTF-8"?>
<!-- Generated by org.testng.reporters.JUnitReportReporter -->
<testsuite hostname="vagrant" failures="0" tests="3" name="com.learning.testngintegration.TestRestClientErrorCase" time="0.019" errors="0" timestamp="2025-03-29T10:03:08 UTC" skipped="0">
  <testcase classname="com.learning.testngintegration.TestRestClientErrorCase" name="testForNotFoundResponse" time="0.004"/>
  <testcase classname="com.learning.testngintegration.TestRestClientErrorCase" name="testForBadRequestResponse" time="0.009"/>
  <testcase classname="com.learning.testngintegration.TestRestClientErrorCase" name="testForInternalServerErrorResponse" time="0.006"/>
</testsuite> <!-- com.learning.testngintegration.TestRestClientErrorCase -->
