<?xml version="1.0" encoding="UTF-8"?>
<!-- Generated by org.testng.reporters.JUnitReportReporter -->
<testsuite hostname="vagrant" failures="0" tests="2" name="com.learning.testngintegration.TestRestClient" time="0.145" errors="0" timestamp="2025-01-14T15:55:23 IST" skipped="0">
  <testcase classname="com.learning.testngintegration.TestRestClient" name="failedTest" time="0.002"/>
  <testcase classname="com.learning.testngintegration.TestRestClient" name="testForSuccessFullResponse" time="0.143"/>
</testsuite> <!-- com.learning.testngintegration.TestRestClient -->
