<?xml version="1.0" encoding="UTF-8"?>
<!-- Generated by org.testng.reporters.JUnitReportReporter -->
<testsuite hostname="vagrant" failures="0" tests="2" name="com.learning.testngintegration.TestRestClient" time="0.225" errors="0" timestamp="2025-03-29T10:03:08 UTC" skipped="0">
  <testcase classname="com.learning.testngintegration.TestRestClient" name="testForSuccessFullResponse" time="0.223"/>
  <testcase classname="com.learning.testngintegration.TestRestClient" name="failedTest" time="0.002"/>
</testsuite> <!-- com.learning.testngintegration.TestRestClient -->
