<?xml version="1.0" encoding="UTF-8"?>
<testsuite xmlns:xsi="http://www.w3.org/2001/XMLSchema-instance" xsi:noNamespaceSchemaLocation="https://maven.apache.org/surefire/maven-surefire-plugin/xsd/surefire-test-report.xsd" version="3.0.2" name="com.learning.junitintegration.TestRestClientErrorCase" time="0.129" tests="3" errors="0" skipped="0" failures="0">
  <properties>
    <property name="java.specification.version" value="17"/>
    <property name="sun.jnu.encoding" value="UTF-8"/>
    <property name="java.class.path" value="/home/vagrant/sharks/chaintestreporting/junitintegration/target/test-classes:/home/vagrant/sharks/chaintestreporting/junitintegration/target/classes:/home/vagrant/.m2/repository/com/aventstack/chaintest-junit5/1.0.3/chaintest-junit5-1.0.3.jar:/home/vagrant/.m2/repository/org/junit/platform/junit-platform-launcher/1.10.5/junit-platform-launcher-1.10.5.jar:/home/vagrant/.m2/repository/org/junit/jupiter/junit-jupiter-api/5.10.5/junit-jupiter-api-5.10.5.jar:/home/vagrant/.m2/repository/org/opentest4j/opentest4j/1.3.0/opentest4j-1.3.0.jar:/home/vagrant/.m2/repository/org/junit/platform/junit-platform-commons/1.10.5/junit-platform-commons-1.10.5.jar:/home/vagrant/.m2/repository/com/aventstack/chaintest-core/1.0.3/chaintest-core-1.0.3.jar:/home/vagrant/.m2/repository/org/yaml/snakeyaml/2.3/snakeyaml-2.3.jar:/home/vagrant/.m2/repository/org/freemarker/freemarker/2.3.33/freemarker-2.3.33.jar:/home/vagrant/.m2/repository/com/azure/azure-storage-blob/12.28.0/azure-storage-blob-12.28.0.jar:/home/vagrant/.m2/repository/com/azure/azure-core/1.52.0/azure-core-1.52.0.jar:/home/vagrant/.m2/repository/io/projectreactor/reactor-core/3.4.38/reactor-core-3.4.38.jar:/home/vagrant/.m2/repository/com/azure/azure-core-http-netty/1.15.4/azure-core-http-netty-1.15.4.jar:/home/vagrant/.m2/repository/io/netty/netty-handler/4.1.110.Final/netty-handler-4.1.110.Final.jar:/home/vagrant/.m2/repository/io/netty/netty-handler-proxy/4.1.110.Final/netty-handler-proxy-4.1.110.Final.jar:/home/vagrant/.m2/repository/io/netty/netty-codec-socks/4.1.110.Final/netty-codec-socks-4.1.110.Final.jar:/home/vagrant/.m2/repository/io/netty/netty-buffer/4.1.110.Final/netty-buffer-4.1.110.Final.jar:/home/vagrant/.m2/repository/io/netty/netty-codec/4.1.110.Final/netty-codec-4.1.110.Final.jar:/home/vagrant/.m2/repository/io/netty/netty-codec-http/4.1.110.Final/netty-codec-http-4.1.110.Final.jar:/home/vagrant/.m2/repository/io/netty/netty-codec-http2/4.1.110.Final/netty-codec-http2-4.1.110.Final.jar:/home/vagrant/.m2/repository/io/netty/netty-transport-native-unix-common/4.1.110.Final/netty-transport-native-unix-common-4.1.110.Final.jar:/home/vagrant/.m2/repository/io/netty/netty-transport-native-epoll/4.1.110.Final/netty-transport-native-epoll-4.1.110.Final-linux-x86_64.jar:/home/vagrant/.m2/repository/io/netty/netty-transport-native-kqueue/4.1.110.Final/netty-transport-native-kqueue-4.1.110.Final-osx-x86_64.jar:/home/vagrant/.m2/repository/io/netty/netty-transport-classes-kqueue/4.1.110.Final/netty-transport-classes-kqueue-4.1.110.Final.jar:/home/vagrant/.m2/repository/io/netty/netty-tcnative-boringssl-static/2.0.65.Final/netty-tcnative-boringssl-static-2.0.65.Final.jar:/home/vagrant/.m2/repository/io/netty/netty-tcnative-classes/2.0.65.Final/netty-tcnative-classes-2.0.65.Final.jar:/home/vagrant/.m2/repository/io/netty/netty-tcnative-boringssl-static/2.0.65.Final/netty-tcnative-boringssl-static-2.0.65.Final-linux-x86_64.jar:/home/vagrant/.m2/repository/io/netty/netty-tcnative-boringssl-static/2.0.65.Final/netty-tcnative-boringssl-static-2.0.65.Final-linux-aarch_64.jar:/home/vagrant/.m2/repository/io/netty/netty-tcnative-boringssl-static/2.0.65.Final/netty-tcnative-boringssl-static-2.0.65.Final-osx-x86_64.jar:/home/vagrant/.m2/repository/io/netty/netty-tcnative-boringssl-static/2.0.65.Final/netty-tcnative-boringssl-static-2.0.65.Final-osx-aarch_64.jar:/home/vagrant/.m2/repository/io/netty/netty-tcnative-boringssl-static/2.0.65.Final/netty-tcnative-boringssl-static-2.0.65.Final-windows-x86_64.jar:/home/vagrant/.m2/repository/io/projectreactor/netty/reactor-netty-http/1.0.45/reactor-netty-http-1.0.45.jar:/home/vagrant/.m2/repository/io/netty/netty-resolver-dns/4.1.109.Final/netty-resolver-dns-4.1.109.Final.jar:/home/vagrant/.m2/repository/io/netty/netty-codec-dns/4.1.109.Final/netty-codec-dns-4.1.109.Final.jar:/home/vagrant/.m2/repository/io/netty/netty-resolver-dns-native-macos/4.1.109.Final/netty-resolver-dns-native-macos-4.1.109.Final-osx-x86_64.jar:/home/vagrant/.m2/repository/io/netty/netty-resolver-dns-classes-macos/4.1.109.Final/netty-resolver-dns-classes-macos-4.1.109.Final.jar:/home/vagrant/.m2/repository/io/projectreactor/netty/reactor-netty-core/1.0.45/reactor-netty-core-1.0.45.jar:/home/vagrant/.m2/repository/io/netty/netty-common/4.1.110.Final/netty-common-4.1.110.Final.jar:/home/vagrant/.m2/repository/com/azure/azure-storage-internal-avro/12.13.0/azure-storage-internal-avro-12.13.0.jar:/home/vagrant/.m2/repository/com/azure/azure-xml/1.1.0/azure-xml-1.1.0.jar:/home/vagrant/.m2/repository/com/azure/azure-storage-common/12.28.0/azure-storage-common-12.28.0.jar:/home/vagrant/.m2/repository/com/azure/azure-identity/1.13.3/azure-identity-1.13.3.jar:/home/vagrant/.m2/repository/com/azure/azure-json/1.3.0/azure-json-1.3.0.jar:/home/vagrant/.m2/repository/com/microsoft/azure/msal4j/1.17.1/msal4j-1.17.1.jar:/home/vagrant/.m2/repository/com/nimbusds/oauth2-oidc-sdk/11.18/oauth2-oidc-sdk-11.18.jar:/home/vagrant/.m2/repository/com/github/stephenc/jcip/jcip-annotations/1.0-1/jcip-annotations-1.0-1.jar:/home/vagrant/.m2/repository/com/nimbusds/content-type/2.3/content-type-2.3.jar:/home/vagrant/.m2/repository/com/nimbusds/lang-tag/1.7/lang-tag-1.7.jar:/home/vagrant/.m2/repository/com/nimbusds/nimbus-jose-jwt/9.40/nimbus-jose-jwt-9.40.jar:/home/vagrant/.m2/repository/com/microsoft/azure/msal4j-persistence-extension/1.3.0/msal4j-persistence-extension-1.3.0.jar:/home/vagrant/.m2/repository/net/java/dev/jna/jna/5.13.0/jna-5.13.0.jar:/home/vagrant/.m2/repository/net/java/dev/jna/jna-platform/5.6.0/jna-platform-5.6.0.jar:/home/vagrant/.m2/repository/software/amazon/awssdk/s3/2.29.39/s3-2.29.39.jar:/home/vagrant/.m2/repository/software/amazon/awssdk/aws-xml-protocol/2.29.39/aws-xml-protocol-2.29.39.jar:/home/vagrant/.m2/repository/software/amazon/awssdk/aws-query-protocol/2.29.39/aws-query-protocol-2.29.39.jar:/home/vagrant/.m2/repository/software/amazon/awssdk/protocol-core/2.29.39/protocol-core-2.29.39.jar:/home/vagrant/.m2/repository/software/amazon/awssdk/arns/2.29.39/arns-2.29.39.jar:/home/vagrant/.m2/repository/software/amazon/awssdk/profiles/2.29.39/profiles-2.29.39.jar:/home/vagrant/.m2/repository/software/amazon/awssdk/crt-core/2.29.39/crt-core-2.29.39.jar:/home/vagrant/.m2/repository/software/amazon/awssdk/http-auth/2.29.39/http-auth-2.29.39.jar:/home/vagrant/.m2/repository/software/amazon/awssdk/identity-spi/2.29.39/identity-spi-2.29.39.jar:/home/vagrant/.m2/repository/software/amazon/awssdk/http-auth-spi/2.29.39/http-auth-spi-2.29.39.jar:/home/vagrant/.m2/repository/org/reactivestreams/reactive-streams/1.0.4/reactive-streams-1.0.4.jar:/home/vagrant/.m2/repository/software/amazon/awssdk/http-auth-aws/2.29.39/http-auth-aws-2.29.39.jar:/home/vagrant/.m2/repository/software/amazon/awssdk/checksums/2.29.39/checksums-2.29.39.jar:/home/vagrant/.m2/repository/software/amazon/awssdk/checksums-spi/2.29.39/checksums-spi-2.29.39.jar:/home/vagrant/.m2/repository/software/amazon/awssdk/retries-spi/2.29.39/retries-spi-2.29.39.jar:/home/vagrant/.m2/repository/software/amazon/awssdk/sdk-core/2.29.39/sdk-core-2.29.39.jar:/home/vagrant/.m2/repository/software/amazon/awssdk/retries/2.29.39/retries-2.29.39.jar:/home/vagrant/.m2/repository/software/amazon/awssdk/auth/2.29.39/auth-2.29.39.jar:/home/vagrant/.m2/repository/software/amazon/awssdk/http-auth-aws-eventstream/2.29.39/http-auth-aws-eventstream-2.29.39.jar:/home/vagrant/.m2/repository/software/amazon/eventstream/eventstream/1.0.1/eventstream-1.0.1.jar:/home/vagrant/.m2/repository/software/amazon/awssdk/http-client-spi/2.29.39/http-client-spi-2.29.39.jar:/home/vagrant/.m2/repository/software/amazon/awssdk/regions/2.29.39/regions-2.29.39.jar:/home/vagrant/.m2/repository/software/amazon/awssdk/annotations/2.29.39/annotations-2.29.39.jar:/home/vagrant/.m2/repository/software/amazon/awssdk/utils/2.29.39/utils-2.29.39.jar:/home/vagrant/.m2/repository/software/amazon/awssdk/aws-core/2.29.39/aws-core-2.29.39.jar:/home/vagrant/.m2/repository/software/amazon/awssdk/metrics-spi/2.29.39/metrics-spi-2.29.39.jar:/home/vagrant/.m2/repository/software/amazon/awssdk/json-utils/2.29.39/json-utils-2.29.39.jar:/home/vagrant/.m2/repository/software/amazon/awssdk/third-party-jackson-core/2.29.39/third-party-jackson-core-2.29.39.jar:/home/vagrant/.m2/repository/software/amazon/awssdk/endpoints-spi/2.29.39/endpoints-spi-2.29.39.jar:/home/vagrant/.m2/repository/software/amazon/awssdk/netty-nio-client/2.29.39/netty-nio-client-2.29.39.jar:/home/vagrant/.m2/repository/io/netty/netty-transport/4.1.115.Final/netty-transport-4.1.115.Final.jar:/home/vagrant/.m2/repository/io/netty/netty-transport-classes-epoll/4.1.115.Final/netty-transport-classes-epoll-4.1.115.Final.jar:/home/vagrant/.m2/repository/io/netty/netty-resolver/4.1.115.Final/netty-resolver-4.1.115.Final.jar:/home/vagrant/.m2/repository/software/amazon/awssdk/apache-client/2.29.39/apache-client-2.29.39.jar:/home/vagrant/.m2/repository/org/apache/httpcomponents/httpclient/4.5.13/httpclient-4.5.13.jar:/home/vagrant/.m2/repository/commons-logging/commons-logging/1.2/commons-logging-1.2.jar:/home/vagrant/.m2/repository/org/apache/httpcomponents/httpcore/4.4.16/httpcore-4.4.16.jar:/home/vagrant/.m2/repository/commons-codec/commons-codec/1.17.1/commons-codec-1.17.1.jar:/home/vagrant/.m2/repository/org/slf4j/slf4j-api/2.0.16/slf4j-api-2.0.16.jar:/home/vagrant/.m2/repository/ch/qos/logback/logback-classic/1.5.9/logback-classic-1.5.9.jar:/home/vagrant/.m2/repository/ch/qos/logback/logback-core/1.5.9/logback-core-1.5.9.jar:/home/vagrant/.m2/repository/org/junit/jupiter/junit-jupiter-engine/5.10.5/junit-jupiter-engine-5.10.5.jar:/home/vagrant/.m2/repository/org/junit/platform/junit-platform-engine/1.10.5/junit-platform-engine-1.10.5.jar:/home/vagrant/.m2/repository/org/apiguardian/apiguardian-api/1.1.2/apiguardian-api-1.1.2.jar:/home/vagrant/.m2/repository/org/apache/httpcomponents/client5/httpclient5-fluent/5.4/httpclient5-fluent-5.4.jar:/home/vagrant/.m2/repository/org/apache/httpcomponents/client5/httpclient5/5.4/httpclient5-5.4.jar:/home/vagrant/.m2/repository/org/apache/httpcomponents/core5/httpcore5/5.3/httpcore5-5.3.jar:/home/vagrant/.m2/repository/org/apache/httpcomponents/core5/httpcore5-h2/5.3/httpcore5-h2-5.3.jar:/home/vagrant/.m2/repository/org/wiremock/wiremock/3.10.0/wiremock-3.10.0.jar:/home/vagrant/.m2/repository/org/eclipse/jetty/jetty-server/11.0.24/jetty-server-11.0.24.jar:/home/vagrant/.m2/repository/org/eclipse/jetty/jetty-http/11.0.24/jetty-http-11.0.24.jar:/home/vagrant/.m2/repository/org/eclipse/jetty/jetty-io/11.0.24/jetty-io-11.0.24.jar:/home/vagrant/.m2/repository/org/eclipse/jetty/toolchain/jetty-jakarta-servlet-api/5.0.2/jetty-jakarta-servlet-api-5.0.2.jar:/home/vagrant/.m2/repository/org/eclipse/jetty/jetty-servlet/11.0.24/jetty-servlet-11.0.24.jar:/home/vagrant/.m2/repository/org/eclipse/jetty/jetty-security/11.0.24/jetty-security-11.0.24.jar:/home/vagrant/.m2/repository/org/eclipse/jetty/jetty-servlets/11.0.24/jetty-servlets-11.0.24.jar:/home/vagrant/.m2/repository/org/eclipse/jetty/jetty-util/11.0.24/jetty-util-11.0.24.jar:/home/vagrant/.m2/repository/org/eclipse/jetty/jetty-webapp/11.0.24/jetty-webapp-11.0.24.jar:/home/vagrant/.m2/repository/org/eclipse/jetty/jetty-xml/11.0.24/jetty-xml-11.0.24.jar:/home/vagrant/.m2/repository/org/eclipse/jetty/jetty-proxy/11.0.24/jetty-proxy-11.0.24.jar:/home/vagrant/.m2/repository/org/eclipse/jetty/jetty-client/11.0.24/jetty-client-11.0.24.jar:/home/vagrant/.m2/repository/org/eclipse/jetty/http2/http2-server/11.0.24/http2-server-11.0.24.jar:/home/vagrant/.m2/repository/org/eclipse/jetty/http2/http2-common/11.0.24/http2-common-11.0.24.jar:/home/vagrant/.m2/repository/org/eclipse/jetty/http2/http2-hpack/11.0.24/http2-hpack-11.0.24.jar:/home/vagrant/.m2/repository/org/eclipse/jetty/jetty-alpn-server/11.0.24/jetty-alpn-server-11.0.24.jar:/home/vagrant/.m2/repository/org/eclipse/jetty/jetty-alpn-java-server/11.0.24/jetty-alpn-java-server-11.0.24.jar:/home/vagrant/.m2/repository/org/eclipse/jetty/jetty-alpn-java-client/11.0.24/jetty-alpn-java-client-11.0.24.jar:/home/vagrant/.m2/repository/org/eclipse/jetty/jetty-alpn-client/11.0.24/jetty-alpn-client-11.0.24.jar:/home/vagrant/.m2/repository/com/google/guava/guava/33.3.1-jre/guava-33.3.1-jre.jar:/home/vagrant/.m2/repository/com/google/guava/failureaccess/1.0.2/failureaccess-1.0.2.jar:/home/vagrant/.m2/repository/com/google/guava/listenablefuture/9999.0-empty-to-avoid-conflict-with-guava/listenablefuture-9999.0-empty-to-avoid-conflict-with-guava.jar:/home/vagrant/.m2/repository/org/checkerframework/checker-qual/3.43.0/checker-qual-3.43.0.jar:/home/vagrant/.m2/repository/com/google/errorprone/error_prone_annotations/2.28.0/error_prone_annotations-2.28.0.jar:/home/vagrant/.m2/repository/com/google/j2objc/j2objc-annotations/3.0.0/j2objc-annotations-3.0.0.jar:/home/vagrant/.m2/repository/com/fasterxml/jackson/core/jackson-core/2.18.2/jackson-core-2.18.2.jar:/home/vagrant/.m2/repository/com/fasterxml/jackson/core/jackson-annotations/2.18.2/jackson-annotations-2.18.2.jar:/home/vagrant/.m2/repository/com/fasterxml/jackson/core/jackson-databind/2.18.2/jackson-databind-2.18.2.jar:/home/vagrant/.m2/repository/com/fasterxml/jackson/datatype/jackson-datatype-jsr310/2.18.2/jackson-datatype-jsr310-2.18.2.jar:/home/vagrant/.m2/repository/org/xmlunit/xmlunit-core/2.10.0/xmlunit-core-2.10.0.jar:/home/vagrant/.m2/repository/jakarta/xml/bind/jakarta.xml.bind-api/2.3.3/jakarta.xml.bind-api-2.3.3.jar:/home/vagrant/.m2/repository/jakarta/activation/jakarta.activation-api/1.2.2/jakarta.activation-api-1.2.2.jar:/home/vagrant/.m2/repository/org/xmlunit/xmlunit-legacy/2.10.0/xmlunit-legacy-2.10.0.jar:/home/vagrant/.m2/repository/org/xmlunit/xmlunit-placeholders/2.10.0/xmlunit-placeholders-2.10.0.jar:/home/vagrant/.m2/repository/net/javacrumbs/json-unit/json-unit-core/2.40.1/json-unit-core-2.40.1.jar:/home/vagrant/.m2/repository/org/hamcrest/hamcrest-core/2.2/hamcrest-core-2.2.jar:/home/vagrant/.m2/repository/org/hamcrest/hamcrest/2.2/hamcrest-2.2.jar:/home/vagrant/.m2/repository/com/jayway/jsonpath/json-path/2.9.0/json-path-2.9.0.jar:/home/vagrant/.m2/repository/net/minidev/json-smart/2.5.0/json-smart-2.5.0.jar:/home/vagrant/.m2/repository/net/minidev/accessors-smart/2.5.0/accessors-smart-2.5.0.jar:/home/vagrant/.m2/repository/net/sf/jopt-simple/jopt-simple/5.0.4/jopt-simple-5.0.4.jar:/home/vagrant/.m2/repository/com/github/jknack/handlebars/4.3.1/handlebars-4.3.1.jar:/home/vagrant/.m2/repository/com/github/jknack/handlebars-helpers/4.3.1/handlebars-helpers-4.3.1.jar:/home/vagrant/.m2/repository/commons-fileupload/commons-fileupload/1.5/commons-fileupload-1.5.jar:/home/vagrant/.m2/repository/commons-io/commons-io/2.11.0/commons-io-2.11.0.jar:/home/vagrant/.m2/repository/com/networknt/json-schema-validator/1.5.4/json-schema-validator-1.5.4.jar:/home/vagrant/.m2/repository/com/ethlo/time/itu/1.10.2/itu-1.10.2.jar:/home/vagrant/.m2/repository/com/fasterxml/jackson/dataformat/jackson-dataformat-yaml/2.18.1/jackson-dataformat-yaml-2.18.1.jar:"/>
    <property name="java.vm.vendor" value="Oracle Corporation"/>
    <property name="sun.arch.data.model" value="64"/>
    <property name="java.vendor.url" value="https://java.oracle.com/"/>
    <property name="user.timezone" value="Asia/Kolkata"/>
    <property name="os.name" value="Linux"/>
    <property name="java.vm.specification.version" value="17"/>
    <property name="sun.java.launcher" value="SUN_STANDARD"/>
    <property name="user.country" value="US"/>
    <property name="sun.boot.library.path" value="/home/vagrant/.sdkman/candidates/java/17.0.5-oracle/lib"/>
    <property name="sun.java.command" value="/home/vagrant/sharks/chaintestreporting/junitintegration/target/surefire/surefirebooter-20250114155518200_3.jar /home/vagrant/sharks/chaintestreporting/junitintegration/target/surefire 2025-01-14T15-55-18_087-jvmRun1 surefire-20250114155518200_1tmp surefire_0-20250114155518200_2tmp"/>
    <property name="jdk.debug" value="release"/>
    <property name="surefire.test.class.path" value="/home/vagrant/sharks/chaintestreporting/junitintegration/target/test-classes:/home/vagrant/sharks/chaintestreporting/junitintegration/target/classes:/home/vagrant/.m2/repository/com/aventstack/chaintest-junit5/1.0.3/chaintest-junit5-1.0.3.jar:/home/vagrant/.m2/repository/org/junit/platform/junit-platform-launcher/1.10.5/junit-platform-launcher-1.10.5.jar:/home/vagrant/.m2/repository/org/junit/jupiter/junit-jupiter-api/5.10.5/junit-jupiter-api-5.10.5.jar:/home/vagrant/.m2/repository/org/opentest4j/opentest4j/1.3.0/opentest4j-1.3.0.jar:/home/vagrant/.m2/repository/org/junit/platform/junit-platform-commons/1.10.5/junit-platform-commons-1.10.5.jar:/home/vagrant/.m2/repository/com/aventstack/chaintest-core/1.0.3/chaintest-core-1.0.3.jar:/home/vagrant/.m2/repository/org/yaml/snakeyaml/2.3/snakeyaml-2.3.jar:/home/vagrant/.m2/repository/org/freemarker/freemarker/2.3.33/freemarker-2.3.33.jar:/home/vagrant/.m2/repository/com/azure/azure-storage-blob/12.28.0/azure-storage-blob-12.28.0.jar:/home/vagrant/.m2/repository/com/azure/azure-core/1.52.0/azure-core-1.52.0.jar:/home/vagrant/.m2/repository/io/projectreactor/reactor-core/3.4.38/reactor-core-3.4.38.jar:/home/vagrant/.m2/repository/com/azure/azure-core-http-netty/1.15.4/azure-core-http-netty-1.15.4.jar:/home/vagrant/.m2/repository/io/netty/netty-handler/4.1.110.Final/netty-handler-4.1.110.Final.jar:/home/vagrant/.m2/repository/io/netty/netty-handler-proxy/4.1.110.Final/netty-handler-proxy-4.1.110.Final.jar:/home/vagrant/.m2/repository/io/netty/netty-codec-socks/4.1.110.Final/netty-codec-socks-4.1.110.Final.jar:/home/vagrant/.m2/repository/io/netty/netty-buffer/4.1.110.Final/netty-buffer-4.1.110.Final.jar:/home/vagrant/.m2/repository/io/netty/netty-codec/4.1.110.Final/netty-codec-4.1.110.Final.jar:/home/vagrant/.m2/repository/io/netty/netty-codec-http/4.1.110.Final/netty-codec-http-4.1.110.Final.jar:/home/vagrant/.m2/repository/io/netty/netty-codec-http2/4.1.110.Final/netty-codec-http2-4.1.110.Final.jar:/home/vagrant/.m2/repository/io/netty/netty-transport-native-unix-common/4.1.110.Final/netty-transport-native-unix-common-4.1.110.Final.jar:/home/vagrant/.m2/repository/io/netty/netty-transport-native-epoll/4.1.110.Final/netty-transport-native-epoll-4.1.110.Final-linux-x86_64.jar:/home/vagrant/.m2/repository/io/netty/netty-transport-native-kqueue/4.1.110.Final/netty-transport-native-kqueue-4.1.110.Final-osx-x86_64.jar:/home/vagrant/.m2/repository/io/netty/netty-transport-classes-kqueue/4.1.110.Final/netty-transport-classes-kqueue-4.1.110.Final.jar:/home/vagrant/.m2/repository/io/netty/netty-tcnative-boringssl-static/2.0.65.Final/netty-tcnative-boringssl-static-2.0.65.Final.jar:/home/vagrant/.m2/repository/io/netty/netty-tcnative-classes/2.0.65.Final/netty-tcnative-classes-2.0.65.Final.jar:/home/vagrant/.m2/repository/io/netty/netty-tcnative-boringssl-static/2.0.65.Final/netty-tcnative-boringssl-static-2.0.65.Final-linux-x86_64.jar:/home/vagrant/.m2/repository/io/netty/netty-tcnative-boringssl-static/2.0.65.Final/netty-tcnative-boringssl-static-2.0.65.Final-linux-aarch_64.jar:/home/vagrant/.m2/repository/io/netty/netty-tcnative-boringssl-static/2.0.65.Final/netty-tcnative-boringssl-static-2.0.65.Final-osx-x86_64.jar:/home/vagrant/.m2/repository/io/netty/netty-tcnative-boringssl-static/2.0.65.Final/netty-tcnative-boringssl-static-2.0.65.Final-osx-aarch_64.jar:/home/vagrant/.m2/repository/io/netty/netty-tcnative-boringssl-static/2.0.65.Final/netty-tcnative-boringssl-static-2.0.65.Final-windows-x86_64.jar:/home/vagrant/.m2/repository/io/projectreactor/netty/reactor-netty-http/1.0.45/reactor-netty-http-1.0.45.jar:/home/vagrant/.m2/repository/io/netty/netty-resolver-dns/4.1.109.Final/netty-resolver-dns-4.1.109.Final.jar:/home/vagrant/.m2/repository/io/netty/netty-codec-dns/4.1.109.Final/netty-codec-dns-4.1.109.Final.jar:/home/vagrant/.m2/repository/io/netty/netty-resolver-dns-native-macos/4.1.109.Final/netty-resolver-dns-native-macos-4.1.109.Final-osx-x86_64.jar:/home/vagrant/.m2/repository/io/netty/netty-resolver-dns-classes-macos/4.1.109.Final/netty-resolver-dns-classes-macos-4.1.109.Final.jar:/home/vagrant/.m2/repository/io/projectreactor/netty/reactor-netty-core/1.0.45/reactor-netty-core-1.0.45.jar:/home/vagrant/.m2/repository/io/netty/netty-common/4.1.110.Final/netty-common-4.1.110.Final.jar:/home/vagrant/.m2/repository/com/azure/azure-storage-internal-avro/12.13.0/azure-storage-internal-avro-12.13.0.jar:/home/vagrant/.m2/repository/com/azure/azure-xml/1.1.0/azure-xml-1.1.0.jar:/home/vagrant/.m2/repository/com/azure/azure-storage-common/12.28.0/azure-storage-common-12.28.0.jar:/home/vagrant/.m2/repository/com/azure/azure-identity/1.13.3/azure-identity-1.13.3.jar:/home/vagrant/.m2/repository/com/azure/azure-json/1.3.0/azure-json-1.3.0.jar:/home/vagrant/.m2/repository/com/microsoft/azure/msal4j/1.17.1/msal4j-1.17.1.jar:/home/vagrant/.m2/repository/com/nimbusds/oauth2-oidc-sdk/11.18/oauth2-oidc-sdk-11.18.jar:/home/vagrant/.m2/repository/com/github/stephenc/jcip/jcip-annotations/1.0-1/jcip-annotations-1.0-1.jar:/home/vagrant/.m2/repository/com/nimbusds/content-type/2.3/content-type-2.3.jar:/home/vagrant/.m2/repository/com/nimbusds/lang-tag/1.7/lang-tag-1.7.jar:/home/vagrant/.m2/repository/com/nimbusds/nimbus-jose-jwt/9.40/nimbus-jose-jwt-9.40.jar:/home/vagrant/.m2/repository/com/microsoft/azure/msal4j-persistence-extension/1.3.0/msal4j-persistence-extension-1.3.0.jar:/home/vagrant/.m2/repository/net/java/dev/jna/jna/5.13.0/jna-5.13.0.jar:/home/vagrant/.m2/repository/net/java/dev/jna/jna-platform/5.6.0/jna-platform-5.6.0.jar:/home/vagrant/.m2/repository/software/amazon/awssdk/s3/2.29.39/s3-2.29.39.jar:/home/vagrant/.m2/repository/software/amazon/awssdk/aws-xml-protocol/2.29.39/aws-xml-protocol-2.29.39.jar:/home/vagrant/.m2/repository/software/amazon/awssdk/aws-query-protocol/2.29.39/aws-query-protocol-2.29.39.jar:/home/vagrant/.m2/repository/software/amazon/awssdk/protocol-core/2.29.39/protocol-core-2.29.39.jar:/home/vagrant/.m2/repository/software/amazon/awssdk/arns/2.29.39/arns-2.29.39.jar:/home/vagrant/.m2/repository/software/amazon/awssdk/profiles/2.29.39/profiles-2.29.39.jar:/home/vagrant/.m2/repository/software/amazon/awssdk/crt-core/2.29.39/crt-core-2.29.39.jar:/home/vagrant/.m2/repository/software/amazon/awssdk/http-auth/2.29.39/http-auth-2.29.39.jar:/home/vagrant/.m2/repository/software/amazon/awssdk/identity-spi/2.29.39/identity-spi-2.29.39.jar:/home/vagrant/.m2/repository/software/amazon/awssdk/http-auth-spi/2.29.39/http-auth-spi-2.29.39.jar:/home/vagrant/.m2/repository/org/reactivestreams/reactive-streams/1.0.4/reactive-streams-1.0.4.jar:/home/vagrant/.m2/repository/software/amazon/awssdk/http-auth-aws/2.29.39/http-auth-aws-2.29.39.jar:/home/vagrant/.m2/repository/software/amazon/awssdk/checksums/2.29.39/checksums-2.29.39.jar:/home/vagrant/.m2/repository/software/amazon/awssdk/checksums-spi/2.29.39/checksums-spi-2.29.39.jar:/home/vagrant/.m2/repository/software/amazon/awssdk/retries-spi/2.29.39/retries-spi-2.29.39.jar:/home/vagrant/.m2/repository/software/amazon/awssdk/sdk-core/2.29.39/sdk-core-2.29.39.jar:/home/vagrant/.m2/repository/software/amazon/awssdk/retries/2.29.39/retries-2.29.39.jar:/home/vagrant/.m2/repository/software/amazon/awssdk/auth/2.29.39/auth-2.29.39.jar:/home/vagrant/.m2/repository/software/amazon/awssdk/http-auth-aws-eventstream/2.29.39/http-auth-aws-eventstream-2.29.39.jar:/home/vagrant/.m2/repository/software/amazon/eventstream/eventstream/1.0.1/eventstream-1.0.1.jar:/home/vagrant/.m2/repository/software/amazon/awssdk/http-client-spi/2.29.39/http-client-spi-2.29.39.jar:/home/vagrant/.m2/repository/software/amazon/awssdk/regions/2.29.39/regions-2.29.39.jar:/home/vagrant/.m2/repository/software/amazon/awssdk/annotations/2.29.39/annotations-2.29.39.jar:/home/vagrant/.m2/repository/software/amazon/awssdk/utils/2.29.39/utils-2.29.39.jar:/home/vagrant/.m2/repository/software/amazon/awssdk/aws-core/2.29.39/aws-core-2.29.39.jar:/home/vagrant/.m2/repository/software/amazon/awssdk/metrics-spi/2.29.39/metrics-spi-2.29.39.jar:/home/vagrant/.m2/repository/software/amazon/awssdk/json-utils/2.29.39/json-utils-2.29.39.jar:/home/vagrant/.m2/repository/software/amazon/awssdk/third-party-jackson-core/2.29.39/third-party-jackson-core-2.29.39.jar:/home/vagrant/.m2/repository/software/amazon/awssdk/endpoints-spi/2.29.39/endpoints-spi-2.29.39.jar:/home/vagrant/.m2/repository/software/amazon/awssdk/netty-nio-client/2.29.39/netty-nio-client-2.29.39.jar:/home/vagrant/.m2/repository/io/netty/netty-transport/4.1.115.Final/netty-transport-4.1.115.Final.jar:/home/vagrant/.m2/repository/io/netty/netty-transport-classes-epoll/4.1.115.Final/netty-transport-classes-epoll-4.1.115.Final.jar:/home/vagrant/.m2/repository/io/netty/netty-resolver/4.1.115.Final/netty-resolver-4.1.115.Final.jar:/home/vagrant/.m2/repository/software/amazon/awssdk/apache-client/2.29.39/apache-client-2.29.39.jar:/home/vagrant/.m2/repository/org/apache/httpcomponents/httpclient/4.5.13/httpclient-4.5.13.jar:/home/vagrant/.m2/repository/commons-logging/commons-logging/1.2/commons-logging-1.2.jar:/home/vagrant/.m2/repository/org/apache/httpcomponents/httpcore/4.4.16/httpcore-4.4.16.jar:/home/vagrant/.m2/repository/commons-codec/commons-codec/1.17.1/commons-codec-1.17.1.jar:/home/vagrant/.m2/repository/org/slf4j/slf4j-api/2.0.16/slf4j-api-2.0.16.jar:/home/vagrant/.m2/repository/ch/qos/logback/logback-classic/1.5.9/logback-classic-1.5.9.jar:/home/vagrant/.m2/repository/ch/qos/logback/logback-core/1.5.9/logback-core-1.5.9.jar:/home/vagrant/.m2/repository/org/junit/jupiter/junit-jupiter-engine/5.10.5/junit-jupiter-engine-5.10.5.jar:/home/vagrant/.m2/repository/org/junit/platform/junit-platform-engine/1.10.5/junit-platform-engine-1.10.5.jar:/home/vagrant/.m2/repository/org/apiguardian/apiguardian-api/1.1.2/apiguardian-api-1.1.2.jar:/home/vagrant/.m2/repository/org/apache/httpcomponents/client5/httpclient5-fluent/5.4/httpclient5-fluent-5.4.jar:/home/vagrant/.m2/repository/org/apache/httpcomponents/client5/httpclient5/5.4/httpclient5-5.4.jar:/home/vagrant/.m2/repository/org/apache/httpcomponents/core5/httpcore5/5.3/httpcore5-5.3.jar:/home/vagrant/.m2/repository/org/apache/httpcomponents/core5/httpcore5-h2/5.3/httpcore5-h2-5.3.jar:/home/vagrant/.m2/repository/org/wiremock/wiremock/3.10.0/wiremock-3.10.0.jar:/home/vagrant/.m2/repository/org/eclipse/jetty/jetty-server/11.0.24/jetty-server-11.0.24.jar:/home/vagrant/.m2/repository/org/eclipse/jetty/jetty-http/11.0.24/jetty-http-11.0.24.jar:/home/vagrant/.m2/repository/org/eclipse/jetty/jetty-io/11.0.24/jetty-io-11.0.24.jar:/home/vagrant/.m2/repository/org/eclipse/jetty/toolchain/jetty-jakarta-servlet-api/5.0.2/jetty-jakarta-servlet-api-5.0.2.jar:/home/vagrant/.m2/repository/org/eclipse/jetty/jetty-servlet/11.0.24/jetty-servlet-11.0.24.jar:/home/vagrant/.m2/repository/org/eclipse/jetty/jetty-security/11.0.24/jetty-security-11.0.24.jar:/home/vagrant/.m2/repository/org/eclipse/jetty/jetty-servlets/11.0.24/jetty-servlets-11.0.24.jar:/home/vagrant/.m2/repository/org/eclipse/jetty/jetty-util/11.0.24/jetty-util-11.0.24.jar:/home/vagrant/.m2/repository/org/eclipse/jetty/jetty-webapp/11.0.24/jetty-webapp-11.0.24.jar:/home/vagrant/.m2/repository/org/eclipse/jetty/jetty-xml/11.0.24/jetty-xml-11.0.24.jar:/home/vagrant/.m2/repository/org/eclipse/jetty/jetty-proxy/11.0.24/jetty-proxy-11.0.24.jar:/home/vagrant/.m2/repository/org/eclipse/jetty/jetty-client/11.0.24/jetty-client-11.0.24.jar:/home/vagrant/.m2/repository/org/eclipse/jetty/http2/http2-server/11.0.24/http2-server-11.0.24.jar:/home/vagrant/.m2/repository/org/eclipse/jetty/http2/http2-common/11.0.24/http2-common-11.0.24.jar:/home/vagrant/.m2/repository/org/eclipse/jetty/http2/http2-hpack/11.0.24/http2-hpack-11.0.24.jar:/home/vagrant/.m2/repository/org/eclipse/jetty/jetty-alpn-server/11.0.24/jetty-alpn-server-11.0.24.jar:/home/vagrant/.m2/repository/org/eclipse/jetty/jetty-alpn-java-server/11.0.24/jetty-alpn-java-server-11.0.24.jar:/home/vagrant/.m2/repository/org/eclipse/jetty/jetty-alpn-java-client/11.0.24/jetty-alpn-java-client-11.0.24.jar:/home/vagrant/.m2/repository/org/eclipse/jetty/jetty-alpn-client/11.0.24/jetty-alpn-client-11.0.24.jar:/home/vagrant/.m2/repository/com/google/guava/guava/33.3.1-jre/guava-33.3.1-jre.jar:/home/vagrant/.m2/repository/com/google/guava/failureaccess/1.0.2/failureaccess-1.0.2.jar:/home/vagrant/.m2/repository/com/google/guava/listenablefuture/9999.0-empty-to-avoid-conflict-with-guava/listenablefuture-9999.0-empty-to-avoid-conflict-with-guava.jar:/home/vagrant/.m2/repository/org/checkerframework/checker-qual/3.43.0/checker-qual-3.43.0.jar:/home/vagrant/.m2/repository/com/google/errorprone/error_prone_annotations/2.28.0/error_prone_annotations-2.28.0.jar:/home/vagrant/.m2/repository/com/google/j2objc/j2objc-annotations/3.0.0/j2objc-annotations-3.0.0.jar:/home/vagrant/.m2/repository/com/fasterxml/jackson/core/jackson-core/2.18.2/jackson-core-2.18.2.jar:/home/vagrant/.m2/repository/com/fasterxml/jackson/core/jackson-annotations/2.18.2/jackson-annotations-2.18.2.jar:/home/vagrant/.m2/repository/com/fasterxml/jackson/core/jackson-databind/2.18.2/jackson-databind-2.18.2.jar:/home/vagrant/.m2/repository/com/fasterxml/jackson/datatype/jackson-datatype-jsr310/2.18.2/jackson-datatype-jsr310-2.18.2.jar:/home/vagrant/.m2/repository/org/xmlunit/xmlunit-core/2.10.0/xmlunit-core-2.10.0.jar:/home/vagrant/.m2/repository/jakarta/xml/bind/jakarta.xml.bind-api/2.3.3/jakarta.xml.bind-api-2.3.3.jar:/home/vagrant/.m2/repository/jakarta/activation/jakarta.activation-api/1.2.2/jakarta.activation-api-1.2.2.jar:/home/vagrant/.m2/repository/org/xmlunit/xmlunit-legacy/2.10.0/xmlunit-legacy-2.10.0.jar:/home/vagrant/.m2/repository/org/xmlunit/xmlunit-placeholders/2.10.0/xmlunit-placeholders-2.10.0.jar:/home/vagrant/.m2/repository/net/javacrumbs/json-unit/json-unit-core/2.40.1/json-unit-core-2.40.1.jar:/home/vagrant/.m2/repository/org/hamcrest/hamcrest-core/2.2/hamcrest-core-2.2.jar:/home/vagrant/.m2/repository/org/hamcrest/hamcrest/2.2/hamcrest-2.2.jar:/home/vagrant/.m2/repository/com/jayway/jsonpath/json-path/2.9.0/json-path-2.9.0.jar:/home/vagrant/.m2/repository/net/minidev/json-smart/2.5.0/json-smart-2.5.0.jar:/home/vagrant/.m2/repository/net/minidev/accessors-smart/2.5.0/accessors-smart-2.5.0.jar:/home/vagrant/.m2/repository/net/sf/jopt-simple/jopt-simple/5.0.4/jopt-simple-5.0.4.jar:/home/vagrant/.m2/repository/com/github/jknack/handlebars/4.3.1/handlebars-4.3.1.jar:/home/vagrant/.m2/repository/com/github/jknack/handlebars-helpers/4.3.1/handlebars-helpers-4.3.1.jar:/home/vagrant/.m2/repository/commons-fileupload/commons-fileupload/1.5/commons-fileupload-1.5.jar:/home/vagrant/.m2/repository/commons-io/commons-io/2.11.0/commons-io-2.11.0.jar:/home/vagrant/.m2/repository/com/networknt/json-schema-validator/1.5.4/json-schema-validator-1.5.4.jar:/home/vagrant/.m2/repository/com/ethlo/time/itu/1.10.2/itu-1.10.2.jar:/home/vagrant/.m2/repository/com/fasterxml/jackson/dataformat/jackson-dataformat-yaml/2.18.1/jackson-dataformat-yaml-2.18.1.jar:"/>
    <property name="sun.cpu.endian" value="little"/>
    <property name="user.home" value="/home/vagrant"/>
    <property name="user.language" value="en"/>
    <property name="java.specification.vendor" value="Oracle Corporation"/>
    <property name="java.version.date" value="2022-10-18"/>
    <property name="java.home" value="/home/vagrant/.sdkman/candidates/java/17.0.5-oracle"/>
    <property name="file.separator" value="/"/>
    <property name="basedir" value="/home/vagrant/sharks/chaintestreporting/junitintegration"/>
    <property name="java.vm.compressedOopsMode" value="Zero based"/>
    <property name="line.separator" value="&#10;"/>
    <property name="java.specification.name" value="Java Platform API Specification"/>
    <property name="java.vm.specification.vendor" value="Oracle Corporation"/>
    <property name="surefire.real.class.path" value="/home/vagrant/sharks/chaintestreporting/junitintegration/target/surefire/surefirebooter-20250114155518200_3.jar"/>
    <property name="sun.management.compiler" value="HotSpot 64-Bit Tiered Compilers"/>
    <property name="org.eclipse.jetty.http.HttpGenerator.STRICT" value="true"/>
    <property name="java.runtime.version" value="17.0.5+9-LTS-191"/>
    <property name="user.name" value="vagrant"/>
    <property name="path.separator" value=":"/>
    <property name="os.version" value="4.15.0-213-generic"/>
    <property name="java.runtime.name" value="Java(TM) SE Runtime Environment"/>
    <property name="file.encoding" value="UTF-8"/>
    <property name="java.vm.name" value="Java HotSpot(TM) 64-Bit Server VM"/>
    <property name="localRepository" value="/home/vagrant/.m2/repository"/>
    <property name="javax.xml.xpath.XPathFactory:http://java.sun.com/jaxp/xpath/dom" value="com.sun.org.apache.xpath.internal.jaxp.XPathFactoryImpl"/>
    <property name="java.vendor.url.bug" value="https://bugreport.java.com/bugreport/"/>
    <property name="jetty.git.hash" value="5dfc59a691b748796f922208956bd1f2794bcd16"/>
    <property name="java.io.tmpdir" value="/tmp"/>
    <property name="java.version" value="17.0.5"/>
    <property name="user.dir" value="/home/vagrant/sharks/chaintestreporting/junitintegration"/>
    <property name="os.arch" value="amd64"/>
    <property name="java.vm.specification.name" value="Java Virtual Machine Specification"/>
    <property name="native.encoding" value="UTF-8"/>
    <property name="java.library.path" value="/usr/java/packages/lib:/usr/lib64:/lib64:/lib:/usr/lib"/>
    <property name="java.vm.info" value="mixed mode, sharing"/>
    <property name="java.vendor" value="Oracle Corporation"/>
    <property name="java.vm.version" value="17.0.5+9-LTS-191"/>
    <property name="sun.io.unicode.encoding" value="UnicodeLittle"/>
    <property name="javax.xml.transform.TransformerFactory" value="com.sun.org.apache.xalan.internal.xsltc.trax.TransformerFactoryImpl"/>
    <property name="java.class.version" value="61.0"/>
  </properties>
  <testcase name="testForBadRequestResponse" classname="com.learning.junitintegration.TestRestClientErrorCase" time="0.013"/>
  <testcase name="testForNotFoundResponse" classname="com.learning.junitintegration.TestRestClientErrorCase" time="0.005"/>
  <testcase name="testForInternalServerErrorResponse" classname="com.learning.junitintegration.TestRestClientErrorCase" time="0.004"/>
</testsuite>