<?xml version="1.0" encoding="UTF-8"?>
<testsuite xmlns:xsi="http://www.w3.org/2001/XMLSchema-instance" xsi:noNamespaceSchemaLocation="https://maven.apache.org/surefire/maven-surefire-plugin/xsd/surefire-test-report.xsd" version="3.0.2" name="TestSuite" time="8.315" tests="1" errors="0" skipped="0" failures="1">
  <properties>
    <property name="java.specification.version" value="17"/>
    <property name="webdriver.chrome.driver" value="/home/vagrant/.cache/selenium/chromedriver/linux64/134.0.6998.165/chromedriver"/>
    <property name="sun.jnu.encoding" value="UTF-8"/>
    <property name="java.class.path" value="/home/vagrant/nirvana/chaintestreporting/cucumberintegration/target/test-classes:/home/vagrant/nirvana/chaintestreporting/cucumberintegration/target/classes:/home/vagrant/.m2/repository/io/github/bonigarcia/webdrivermanager/6.0.0/webdrivermanager-6.0.0.jar:/home/vagrant/.m2/repository/org/slf4j/slf4j-api/2.0.17/slf4j-api-2.0.17.jar:/home/vagrant/.m2/repository/com/google/code/gson/gson/2.12.1/gson-2.12.1.jar:/home/vagrant/.m2/repository/com/google/errorprone/error_prone_annotations/2.36.0/error_prone_annotations-2.36.0.jar:/home/vagrant/.m2/repository/com/github/docker-java/docker-java/3.4.2/docker-java-3.4.2.jar:/home/vagrant/.m2/repository/com/github/docker-java/docker-java-core/3.4.2/docker-java-core-3.4.2.jar:/home/vagrant/.m2/repository/com/github/docker-java/docker-java-api/3.4.2/docker-java-api-3.4.2.jar:/home/vagrant/.m2/repository/org/slf4j/jcl-over-slf4j/1.7.30/jcl-over-slf4j-1.7.30.jar:/home/vagrant/.m2/repository/com/github/docker-java/docker-java-transport-httpclient5/3.4.2/docker-java-transport-httpclient5-3.4.2.jar:/home/vagrant/.m2/repository/com/github/docker-java/docker-java-transport/3.4.2/docker-java-transport-3.4.2.jar:/home/vagrant/.m2/repository/net/java/dev/jna/jna/5.13.0/jna-5.13.0.jar:/home/vagrant/.m2/repository/org/brotli/dec/0.1.2/dec-0.1.2.jar:/home/vagrant/.m2/repository/org/apache/commons/commons-lang3/3.17.0/commons-lang3-3.17.0.jar:/home/vagrant/.m2/repository/org/apache/commons/commons-compress/1.27.1/commons-compress-1.27.1.jar:/home/vagrant/.m2/repository/commons-codec/commons-codec/1.17.1/commons-codec-1.17.1.jar:/home/vagrant/.m2/repository/commons-io/commons-io/2.16.1/commons-io-2.16.1.jar:/home/vagrant/.m2/repository/org/apache/httpcomponents/client5/httpclient5/5.2.1/httpclient5-5.2.1.jar:/home/vagrant/.m2/repository/org/apache/httpcomponents/core5/httpcore5/5.2/httpcore5-5.2.jar:/home/vagrant/.m2/repository/org/apache/httpcomponents/core5/httpcore5-h2/5.2/httpcore5-h2-5.2.jar:/home/vagrant/.m2/repository/org/seleniumhq/selenium/selenium-java/4.30.0/selenium-java-4.30.0.jar:/home/vagrant/.m2/repository/org/seleniumhq/selenium/selenium-api/4.30.0/selenium-api-4.30.0.jar:/home/vagrant/.m2/repository/org/jspecify/jspecify/1.0.0/jspecify-1.0.0.jar:/home/vagrant/.m2/repository/org/seleniumhq/selenium/selenium-chrome-driver/4.30.0/selenium-chrome-driver-4.30.0.jar:/home/vagrant/.m2/repository/org/seleniumhq/selenium/selenium-chromium-driver/4.30.0/selenium-chromium-driver-4.30.0.jar:/home/vagrant/.m2/repository/org/seleniumhq/selenium/selenium-manager/4.30.0/selenium-manager-4.30.0.jar:/home/vagrant/.m2/repository/org/seleniumhq/selenium/selenium-devtools-v132/4.30.0/selenium-devtools-v132-4.30.0.jar:/home/vagrant/.m2/repository/org/seleniumhq/selenium/selenium-devtools-v133/4.30.0/selenium-devtools-v133-4.30.0.jar:/home/vagrant/.m2/repository/org/seleniumhq/selenium/selenium-devtools-v134/4.30.0/selenium-devtools-v134-4.30.0.jar:/home/vagrant/.m2/repository/org/seleniumhq/selenium/selenium-edge-driver/4.30.0/selenium-edge-driver-4.30.0.jar:/home/vagrant/.m2/repository/org/seleniumhq/selenium/selenium-firefox-driver/4.30.0/selenium-firefox-driver-4.30.0.jar:/home/vagrant/.m2/repository/org/seleniumhq/selenium/selenium-http/4.30.0/selenium-http-4.30.0.jar:/home/vagrant/.m2/repository/org/seleniumhq/selenium/selenium-ie-driver/4.30.0/selenium-ie-driver-4.30.0.jar:/home/vagrant/.m2/repository/org/seleniumhq/selenium/selenium-remote-driver/4.30.0/selenium-remote-driver-4.30.0.jar:/home/vagrant/.m2/repository/io/opentelemetry/opentelemetry-api/1.48.0/opentelemetry-api-1.48.0.jar:/home/vagrant/.m2/repository/io/opentelemetry/opentelemetry-context/1.48.0/opentelemetry-context-1.48.0.jar:/home/vagrant/.m2/repository/io/opentelemetry/opentelemetry-exporter-logging/1.48.0/opentelemetry-exporter-logging-1.48.0.jar:/home/vagrant/.m2/repository/io/opentelemetry/opentelemetry-sdk-common/1.48.0/opentelemetry-sdk-common-1.48.0.jar:/home/vagrant/.m2/repository/io/opentelemetry/opentelemetry-sdk-extension-autoconfigure-spi/1.48.0/opentelemetry-sdk-extension-autoconfigure-spi-1.48.0.jar:/home/vagrant/.m2/repository/io/opentelemetry/opentelemetry-sdk-extension-autoconfigure/1.48.0/opentelemetry-sdk-extension-autoconfigure-1.48.0.jar:/home/vagrant/.m2/repository/io/opentelemetry/opentelemetry-sdk-trace/1.48.0/opentelemetry-sdk-trace-1.48.0.jar:/home/vagrant/.m2/repository/io/opentelemetry/opentelemetry-sdk/1.48.0/opentelemetry-sdk-1.48.0.jar:/home/vagrant/.m2/repository/io/opentelemetry/opentelemetry-sdk-metrics/1.48.0/opentelemetry-sdk-metrics-1.48.0.jar:/home/vagrant/.m2/repository/io/opentelemetry/opentelemetry-sdk-logs/1.48.0/opentelemetry-sdk-logs-1.48.0.jar:/home/vagrant/.m2/repository/org/seleniumhq/selenium/selenium-os/4.30.0/selenium-os-4.30.0.jar:/home/vagrant/.m2/repository/org/apache/commons/commons-exec/1.4.0/commons-exec-1.4.0.jar:/home/vagrant/.m2/repository/org/seleniumhq/selenium/selenium-safari-driver/4.30.0/selenium-safari-driver-4.30.0.jar:/home/vagrant/.m2/repository/org/seleniumhq/selenium/selenium-support/4.30.0/selenium-support-4.30.0.jar:/home/vagrant/.m2/repository/com/google/auto/service/auto-service-annotations/1.1.1/auto-service-annotations-1.1.1.jar:/home/vagrant/.m2/repository/com/google/guava/guava/33.4.5-jre/guava-33.4.5-jre.jar:/home/vagrant/.m2/repository/com/google/guava/failureaccess/1.0.3/failureaccess-1.0.3.jar:/home/vagrant/.m2/repository/com/google/guava/listenablefuture/9999.0-empty-to-avoid-conflict-with-guava/listenablefuture-9999.0-empty-to-avoid-conflict-with-guava.jar:/home/vagrant/.m2/repository/com/google/j2objc/j2objc-annotations/3.0.0/j2objc-annotations-3.0.0.jar:/home/vagrant/.m2/repository/net/bytebuddy/byte-buddy/1.17.2/byte-buddy-1.17.2.jar:/home/vagrant/.m2/repository/org/seleniumhq/selenium/selenium-json/4.30.0/selenium-json-4.30.0.jar:/home/vagrant/.m2/repository/io/cucumber/cucumber-java/7.21.1/cucumber-java-7.21.1.jar:/home/vagrant/.m2/repository/org/apiguardian/apiguardian-api/1.1.2/apiguardian-api-1.1.2.jar:/home/vagrant/.m2/repository/io/cucumber/cucumber-core/7.21.1/cucumber-core-7.21.1.jar:/home/vagrant/.m2/repository/io/cucumber/cucumber-gherkin/7.21.1/cucumber-gherkin-7.21.1.jar:/home/vagrant/.m2/repository/io/cucumber/cucumber-gherkin-messages/7.21.1/cucumber-gherkin-messages-7.21.1.jar:/home/vagrant/.m2/repository/io/cucumber/gherkin/31.0.0/gherkin-31.0.0.jar:/home/vagrant/.m2/repository/io/cucumber/messages/27.2.0/messages-27.2.0.jar:/home/vagrant/.m2/repository/io/cucumber/testng-xml-formatter/0.3.1/testng-xml-formatter-0.3.1.jar:/home/vagrant/.m2/repository/io/cucumber/query/13.2.0/query-13.2.0.jar:/home/vagrant/.m2/repository/io/cucumber/tag-expressions/6.1.2/tag-expressions-6.1.2.jar:/home/vagrant/.m2/repository/io/cucumber/cucumber-expressions/18.0.1/cucumber-expressions-18.0.1.jar:/home/vagrant/.m2/repository/io/cucumber/datatable/7.21.1/datatable-7.21.1.jar:/home/vagrant/.m2/repository/io/cucumber/cucumber-plugin/7.21.1/cucumber-plugin-7.21.1.jar:/home/vagrant/.m2/repository/io/cucumber/docstring/7.21.1/docstring-7.21.1.jar:/home/vagrant/.m2/repository/io/cucumber/html-formatter/21.9.0/html-formatter-21.9.0.jar:/home/vagrant/.m2/repository/io/cucumber/junit-xml-formatter/0.7.1/junit-xml-formatter-0.7.1.jar:/home/vagrant/.m2/repository/io/cucumber/ci-environment/10.0.1/ci-environment-10.0.1.jar:/home/vagrant/.m2/repository/io/cucumber/cucumber-testng/7.21.1/cucumber-testng-7.21.1.jar:/home/vagrant/.m2/repository/org/testng/testng/7.10.2/testng-7.10.2.jar:/home/vagrant/.m2/repository/com/beust/jcommander/1.82/jcommander-1.82.jar:/home/vagrant/.m2/repository/org/webjars/jquery/3.7.1/jquery-3.7.1.jar:/home/vagrant/.m2/repository/io/cucumber/cucumber-picocontainer/7.21.1/cucumber-picocontainer-7.21.1.jar:/home/vagrant/.m2/repository/org/picocontainer/picocontainer/2.15/picocontainer-2.15.jar:/home/vagrant/.m2/repository/com/aventstack/chaintest-cucumber-jvm/1.0.11/chaintest-cucumber-jvm-1.0.11.jar:/home/vagrant/.m2/repository/io/cucumber/cucumber-junit/7.11.1/cucumber-junit-7.11.1.jar:/home/vagrant/.m2/repository/junit/junit/4.13.2/junit-4.13.2.jar:/home/vagrant/.m2/repository/com/aventstack/chaintest-core/1.0.11/chaintest-core-1.0.11.jar:/home/vagrant/.m2/repository/org/yaml/snakeyaml/2.3/snakeyaml-2.3.jar:/home/vagrant/.m2/repository/org/freemarker/freemarker/2.3.33/freemarker-2.3.33.jar:/home/vagrant/.m2/repository/com/azure/azure-storage-blob/12.28.0/azure-storage-blob-12.28.0.jar:/home/vagrant/.m2/repository/com/azure/azure-core/1.52.0/azure-core-1.52.0.jar:/home/vagrant/.m2/repository/io/projectreactor/reactor-core/3.4.38/reactor-core-3.4.38.jar:/home/vagrant/.m2/repository/com/azure/azure-core-http-netty/1.15.4/azure-core-http-netty-1.15.4.jar:/home/vagrant/.m2/repository/io/netty/netty-handler/4.1.110.Final/netty-handler-4.1.110.Final.jar:/home/vagrant/.m2/repository/io/netty/netty-handler-proxy/4.1.110.Final/netty-handler-proxy-4.1.110.Final.jar:/home/vagrant/.m2/repository/io/netty/netty-codec-socks/4.1.110.Final/netty-codec-socks-4.1.110.Final.jar:/home/vagrant/.m2/repository/io/netty/netty-buffer/4.1.110.Final/netty-buffer-4.1.110.Final.jar:/home/vagrant/.m2/repository/io/netty/netty-codec/4.1.110.Final/netty-codec-4.1.110.Final.jar:/home/vagrant/.m2/repository/io/netty/netty-codec-http/4.1.110.Final/netty-codec-http-4.1.110.Final.jar:/home/vagrant/.m2/repository/io/netty/netty-codec-http2/4.1.110.Final/netty-codec-http2-4.1.110.Final.jar:/home/vagrant/.m2/repository/io/netty/netty-transport-native-unix-common/4.1.110.Final/netty-transport-native-unix-common-4.1.110.Final.jar:/home/vagrant/.m2/repository/io/netty/netty-transport-native-epoll/4.1.110.Final/netty-transport-native-epoll-4.1.110.Final-linux-x86_64.jar:/home/vagrant/.m2/repository/io/netty/netty-transport-native-kqueue/4.1.110.Final/netty-transport-native-kqueue-4.1.110.Final-osx-x86_64.jar:/home/vagrant/.m2/repository/io/netty/netty-transport-classes-kqueue/4.1.110.Final/netty-transport-classes-kqueue-4.1.110.Final.jar:/home/vagrant/.m2/repository/io/netty/netty-tcnative-boringssl-static/2.0.65.Final/netty-tcnative-boringssl-static-2.0.65.Final.jar:/home/vagrant/.m2/repository/io/netty/netty-tcnative-classes/2.0.65.Final/netty-tcnative-classes-2.0.65.Final.jar:/home/vagrant/.m2/repository/io/netty/netty-tcnative-boringssl-static/2.0.65.Final/netty-tcnative-boringssl-static-2.0.65.Final-linux-x86_64.jar:/home/vagrant/.m2/repository/io/netty/netty-tcnative-boringssl-static/2.0.65.Final/netty-tcnative-boringssl-static-2.0.65.Final-linux-aarch_64.jar:/home/vagrant/.m2/repository/io/netty/netty-tcnative-boringssl-static/2.0.65.Final/netty-tcnative-boringssl-static-2.0.65.Final-osx-x86_64.jar:/home/vagrant/.m2/repository/io/netty/netty-tcnative-boringssl-static/2.0.65.Final/netty-tcnative-boringssl-static-2.0.65.Final-osx-aarch_64.jar:/home/vagrant/.m2/repository/io/netty/netty-tcnative-boringssl-static/2.0.65.Final/netty-tcnative-boringssl-static-2.0.65.Final-windows-x86_64.jar:/home/vagrant/.m2/repository/io/projectreactor/netty/reactor-netty-http/1.0.45/reactor-netty-http-1.0.45.jar:/home/vagrant/.m2/repository/io/netty/netty-resolver-dns/4.1.109.Final/netty-resolver-dns-4.1.109.Final.jar:/home/vagrant/.m2/repository/io/netty/netty-codec-dns/4.1.109.Final/netty-codec-dns-4.1.109.Final.jar:/home/vagrant/.m2/repository/io/netty/netty-resolver-dns-native-macos/4.1.109.Final/netty-resolver-dns-native-macos-4.1.109.Final-osx-x86_64.jar:/home/vagrant/.m2/repository/io/netty/netty-resolver-dns-classes-macos/4.1.109.Final/netty-resolver-dns-classes-macos-4.1.109.Final.jar:/home/vagrant/.m2/repository/io/projectreactor/netty/reactor-netty-core/1.0.45/reactor-netty-core-1.0.45.jar:/home/vagrant/.m2/repository/io/netty/netty-common/4.1.110.Final/netty-common-4.1.110.Final.jar:/home/vagrant/.m2/repository/com/azure/azure-storage-internal-avro/12.13.0/azure-storage-internal-avro-12.13.0.jar:/home/vagrant/.m2/repository/com/azure/azure-xml/1.1.0/azure-xml-1.1.0.jar:/home/vagrant/.m2/repository/com/azure/azure-storage-common/12.28.0/azure-storage-common-12.28.0.jar:/home/vagrant/.m2/repository/com/azure/azure-identity/1.13.3/azure-identity-1.13.3.jar:/home/vagrant/.m2/repository/com/azure/azure-json/1.3.0/azure-json-1.3.0.jar:/home/vagrant/.m2/repository/com/microsoft/azure/msal4j/1.17.1/msal4j-1.17.1.jar:/home/vagrant/.m2/repository/com/nimbusds/oauth2-oidc-sdk/11.18/oauth2-oidc-sdk-11.18.jar:/home/vagrant/.m2/repository/com/github/stephenc/jcip/jcip-annotations/1.0-1/jcip-annotations-1.0-1.jar:/home/vagrant/.m2/repository/com/nimbusds/content-type/2.3/content-type-2.3.jar:/home/vagrant/.m2/repository/com/nimbusds/lang-tag/1.7/lang-tag-1.7.jar:/home/vagrant/.m2/repository/com/nimbusds/nimbus-jose-jwt/9.40/nimbus-jose-jwt-9.40.jar:/home/vagrant/.m2/repository/com/microsoft/azure/msal4j-persistence-extension/1.3.0/msal4j-persistence-extension-1.3.0.jar:/home/vagrant/.m2/repository/net/java/dev/jna/jna-platform/5.6.0/jna-platform-5.6.0.jar:/home/vagrant/.m2/repository/software/amazon/awssdk/s3/2.29.39/s3-2.29.39.jar:/home/vagrant/.m2/repository/software/amazon/awssdk/aws-xml-protocol/2.29.39/aws-xml-protocol-2.29.39.jar:/home/vagrant/.m2/repository/software/amazon/awssdk/aws-query-protocol/2.29.39/aws-query-protocol-2.29.39.jar:/home/vagrant/.m2/repository/software/amazon/awssdk/protocol-core/2.29.39/protocol-core-2.29.39.jar:/home/vagrant/.m2/repository/software/amazon/awssdk/arns/2.29.39/arns-2.29.39.jar:/home/vagrant/.m2/repository/software/amazon/awssdk/profiles/2.29.39/profiles-2.29.39.jar:/home/vagrant/.m2/repository/software/amazon/awssdk/crt-core/2.29.39/crt-core-2.29.39.jar:/home/vagrant/.m2/repository/software/amazon/awssdk/http-auth/2.29.39/http-auth-2.29.39.jar:/home/vagrant/.m2/repository/software/amazon/awssdk/identity-spi/2.29.39/identity-spi-2.29.39.jar:/home/vagrant/.m2/repository/software/amazon/awssdk/http-auth-spi/2.29.39/http-auth-spi-2.29.39.jar:/home/vagrant/.m2/repository/org/reactivestreams/reactive-streams/1.0.4/reactive-streams-1.0.4.jar:/home/vagrant/.m2/repository/software/amazon/awssdk/http-auth-aws/2.29.39/http-auth-aws-2.29.39.jar:/home/vagrant/.m2/repository/software/amazon/awssdk/checksums/2.29.39/checksums-2.29.39.jar:/home/vagrant/.m2/repository/software/amazon/awssdk/checksums-spi/2.29.39/checksums-spi-2.29.39.jar:/home/vagrant/.m2/repository/software/amazon/awssdk/retries-spi/2.29.39/retries-spi-2.29.39.jar:/home/vagrant/.m2/repository/software/amazon/awssdk/sdk-core/2.29.39/sdk-core-2.29.39.jar:/home/vagrant/.m2/repository/software/amazon/awssdk/retries/2.29.39/retries-2.29.39.jar:/home/vagrant/.m2/repository/software/amazon/awssdk/auth/2.29.39/auth-2.29.39.jar:/home/vagrant/.m2/repository/software/amazon/awssdk/http-auth-aws-eventstream/2.29.39/http-auth-aws-eventstream-2.29.39.jar:/home/vagrant/.m2/repository/software/amazon/eventstream/eventstream/1.0.1/eventstream-1.0.1.jar:/home/vagrant/.m2/repository/software/amazon/awssdk/http-client-spi/2.29.39/http-client-spi-2.29.39.jar:/home/vagrant/.m2/repository/software/amazon/awssdk/regions/2.29.39/regions-2.29.39.jar:/home/vagrant/.m2/repository/software/amazon/awssdk/annotations/2.29.39/annotations-2.29.39.jar:/home/vagrant/.m2/repository/software/amazon/awssdk/utils/2.29.39/utils-2.29.39.jar:/home/vagrant/.m2/repository/software/amazon/awssdk/aws-core/2.29.39/aws-core-2.29.39.jar:/home/vagrant/.m2/repository/software/amazon/awssdk/metrics-spi/2.29.39/metrics-spi-2.29.39.jar:/home/vagrant/.m2/repository/software/amazon/awssdk/json-utils/2.29.39/json-utils-2.29.39.jar:/home/vagrant/.m2/repository/software/amazon/awssdk/third-party-jackson-core/2.29.39/third-party-jackson-core-2.29.39.jar:/home/vagrant/.m2/repository/software/amazon/awssdk/endpoints-spi/2.29.39/endpoints-spi-2.29.39.jar:/home/vagrant/.m2/repository/software/amazon/awssdk/netty-nio-client/2.29.39/netty-nio-client-2.29.39.jar:/home/vagrant/.m2/repository/io/netty/netty-transport/4.1.115.Final/netty-transport-4.1.115.Final.jar:/home/vagrant/.m2/repository/io/netty/netty-transport-classes-epoll/4.1.115.Final/netty-transport-classes-epoll-4.1.115.Final.jar:/home/vagrant/.m2/repository/io/netty/netty-resolver/4.1.115.Final/netty-resolver-4.1.115.Final.jar:/home/vagrant/.m2/repository/software/amazon/awssdk/apache-client/2.29.39/apache-client-2.29.39.jar:/home/vagrant/.m2/repository/org/apache/httpcomponents/httpclient/4.5.13/httpclient-4.5.13.jar:/home/vagrant/.m2/repository/commons-logging/commons-logging/1.2/commons-logging-1.2.jar:/home/vagrant/.m2/repository/org/apache/httpcomponents/httpcore/4.4.16/httpcore-4.4.16.jar:/home/vagrant/.m2/repository/ch/qos/logback/logback-classic/1.5.9/logback-classic-1.5.9.jar:/home/vagrant/.m2/repository/ch/qos/logback/logback-core/1.5.9/logback-core-1.5.9.jar:/home/vagrant/.m2/repository/org/apache/httpcomponents/client5/httpclient5-fluent/5.4/httpclient5-fluent-5.4.jar:/home/vagrant/.m2/repository/org/wiremock/wiremock/3.10.0/wiremock-3.10.0.jar:/home/vagrant/.m2/repository/org/eclipse/jetty/jetty-server/11.0.24/jetty-server-11.0.24.jar:/home/vagrant/.m2/repository/org/eclipse/jetty/jetty-http/11.0.24/jetty-http-11.0.24.jar:/home/vagrant/.m2/repository/org/eclipse/jetty/jetty-io/11.0.24/jetty-io-11.0.24.jar:/home/vagrant/.m2/repository/org/eclipse/jetty/toolchain/jetty-jakarta-servlet-api/5.0.2/jetty-jakarta-servlet-api-5.0.2.jar:/home/vagrant/.m2/repository/org/eclipse/jetty/jetty-servlet/11.0.24/jetty-servlet-11.0.24.jar:/home/vagrant/.m2/repository/org/eclipse/jetty/jetty-security/11.0.24/jetty-security-11.0.24.jar:/home/vagrant/.m2/repository/org/eclipse/jetty/jetty-servlets/11.0.24/jetty-servlets-11.0.24.jar:/home/vagrant/.m2/repository/org/eclipse/jetty/jetty-util/11.0.24/jetty-util-11.0.24.jar:/home/vagrant/.m2/repository/org/eclipse/jetty/jetty-webapp/11.0.24/jetty-webapp-11.0.24.jar:/home/vagrant/.m2/repository/org/eclipse/jetty/jetty-xml/11.0.24/jetty-xml-11.0.24.jar:/home/vagrant/.m2/repository/org/eclipse/jetty/jetty-proxy/11.0.24/jetty-proxy-11.0.24.jar:/home/vagrant/.m2/repository/org/eclipse/jetty/jetty-client/11.0.24/jetty-client-11.0.24.jar:/home/vagrant/.m2/repository/org/eclipse/jetty/http2/http2-server/11.0.24/http2-server-11.0.24.jar:/home/vagrant/.m2/repository/org/eclipse/jetty/http2/http2-common/11.0.24/http2-common-11.0.24.jar:/home/vagrant/.m2/repository/org/eclipse/jetty/http2/http2-hpack/11.0.24/http2-hpack-11.0.24.jar:/home/vagrant/.m2/repository/org/eclipse/jetty/jetty-alpn-server/11.0.24/jetty-alpn-server-11.0.24.jar:/home/vagrant/.m2/repository/org/eclipse/jetty/jetty-alpn-java-server/11.0.24/jetty-alpn-java-server-11.0.24.jar:/home/vagrant/.m2/repository/org/eclipse/jetty/jetty-alpn-java-client/11.0.24/jetty-alpn-java-client-11.0.24.jar:/home/vagrant/.m2/repository/org/eclipse/jetty/jetty-alpn-client/11.0.24/jetty-alpn-client-11.0.24.jar:/home/vagrant/.m2/repository/com/fasterxml/jackson/core/jackson-core/2.18.2/jackson-core-2.18.2.jar:/home/vagrant/.m2/repository/com/fasterxml/jackson/core/jackson-annotations/2.18.2/jackson-annotations-2.18.2.jar:/home/vagrant/.m2/repository/com/fasterxml/jackson/core/jackson-databind/2.18.2/jackson-databind-2.18.2.jar:/home/vagrant/.m2/repository/com/fasterxml/jackson/datatype/jackson-datatype-jsr310/2.18.2/jackson-datatype-jsr310-2.18.2.jar:/home/vagrant/.m2/repository/org/xmlunit/xmlunit-core/2.10.0/xmlunit-core-2.10.0.jar:/home/vagrant/.m2/repository/jakarta/xml/bind/jakarta.xml.bind-api/2.3.3/jakarta.xml.bind-api-2.3.3.jar:/home/vagrant/.m2/repository/jakarta/activation/jakarta.activation-api/1.2.2/jakarta.activation-api-1.2.2.jar:/home/vagrant/.m2/repository/org/xmlunit/xmlunit-legacy/2.10.0/xmlunit-legacy-2.10.0.jar:/home/vagrant/.m2/repository/org/xmlunit/xmlunit-placeholders/2.10.0/xmlunit-placeholders-2.10.0.jar:/home/vagrant/.m2/repository/net/javacrumbs/json-unit/json-unit-core/2.40.1/json-unit-core-2.40.1.jar:/home/vagrant/.m2/repository/org/hamcrest/hamcrest-core/2.2/hamcrest-core-2.2.jar:/home/vagrant/.m2/repository/org/hamcrest/hamcrest/2.2/hamcrest-2.2.jar:/home/vagrant/.m2/repository/com/jayway/jsonpath/json-path/2.9.0/json-path-2.9.0.jar:/home/vagrant/.m2/repository/net/minidev/json-smart/2.5.0/json-smart-2.5.0.jar:/home/vagrant/.m2/repository/net/minidev/accessors-smart/2.5.0/accessors-smart-2.5.0.jar:/home/vagrant/.m2/repository/net/sf/jopt-simple/jopt-simple/5.0.4/jopt-simple-5.0.4.jar:/home/vagrant/.m2/repository/com/github/jknack/handlebars/4.3.1/handlebars-4.3.1.jar:/home/vagrant/.m2/repository/com/github/jknack/handlebars-helpers/4.3.1/handlebars-helpers-4.3.1.jar:/home/vagrant/.m2/repository/commons-fileupload/commons-fileupload/1.5/commons-fileupload-1.5.jar:/home/vagrant/.m2/repository/com/networknt/json-schema-validator/1.5.4/json-schema-validator-1.5.4.jar:/home/vagrant/.m2/repository/com/ethlo/time/itu/1.10.2/itu-1.10.2.jar:/home/vagrant/.m2/repository/com/fasterxml/jackson/dataformat/jackson-dataformat-yaml/2.18.1/jackson-dataformat-yaml-2.18.1.jar:"/>
    <property name="java.vm.vendor" value="Oracle Corporation"/>
    <property name="sun.arch.data.model" value="64"/>
    <property name="java.vendor.url" value="https://java.oracle.com/"/>
    <property name="user.timezone" value="Etc/UTC"/>
    <property name="os.name" value="Linux"/>
    <property name="java.vm.specification.version" value="17"/>
    <property name="sun.java.launcher" value="SUN_STANDARD"/>
    <property name="user.country" value="US"/>
    <property name="sun.boot.library.path" value="/home/vagrant/.sdkman/candidates/java/17.0.12-oracle/lib"/>
    <property name="sun.java.command" value="/home/vagrant/nirvana/chaintestreporting/cucumberintegration/target/surefire/surefirebooter-20250329100309504_13.jar /home/vagrant/nirvana/chaintestreporting/cucumberintegration/target/surefire 2025-03-29T10-03-00_643-jvmRun1 surefire-20250329100309504_11tmp surefire_2-20250329100309504_12tmp"/>
    <property name="jdk.debug" value="release"/>
    <property name="surefire.test.class.path" value="/home/vagrant/nirvana/chaintestreporting/cucumberintegration/target/test-classes:/home/vagrant/nirvana/chaintestreporting/cucumberintegration/target/classes:/home/vagrant/.m2/repository/io/github/bonigarcia/webdrivermanager/6.0.0/webdrivermanager-6.0.0.jar:/home/vagrant/.m2/repository/org/slf4j/slf4j-api/2.0.17/slf4j-api-2.0.17.jar:/home/vagrant/.m2/repository/com/google/code/gson/gson/2.12.1/gson-2.12.1.jar:/home/vagrant/.m2/repository/com/google/errorprone/error_prone_annotations/2.36.0/error_prone_annotations-2.36.0.jar:/home/vagrant/.m2/repository/com/github/docker-java/docker-java/3.4.2/docker-java-3.4.2.jar:/home/vagrant/.m2/repository/com/github/docker-java/docker-java-core/3.4.2/docker-java-core-3.4.2.jar:/home/vagrant/.m2/repository/com/github/docker-java/docker-java-api/3.4.2/docker-java-api-3.4.2.jar:/home/vagrant/.m2/repository/org/slf4j/jcl-over-slf4j/1.7.30/jcl-over-slf4j-1.7.30.jar:/home/vagrant/.m2/repository/com/github/docker-java/docker-java-transport-httpclient5/3.4.2/docker-java-transport-httpclient5-3.4.2.jar:/home/vagrant/.m2/repository/com/github/docker-java/docker-java-transport/3.4.2/docker-java-transport-3.4.2.jar:/home/vagrant/.m2/repository/net/java/dev/jna/jna/5.13.0/jna-5.13.0.jar:/home/vagrant/.m2/repository/org/brotli/dec/0.1.2/dec-0.1.2.jar:/home/vagrant/.m2/repository/org/apache/commons/commons-lang3/3.17.0/commons-lang3-3.17.0.jar:/home/vagrant/.m2/repository/org/apache/commons/commons-compress/1.27.1/commons-compress-1.27.1.jar:/home/vagrant/.m2/repository/commons-codec/commons-codec/1.17.1/commons-codec-1.17.1.jar:/home/vagrant/.m2/repository/commons-io/commons-io/2.16.1/commons-io-2.16.1.jar:/home/vagrant/.m2/repository/org/apache/httpcomponents/client5/httpclient5/5.2.1/httpclient5-5.2.1.jar:/home/vagrant/.m2/repository/org/apache/httpcomponents/core5/httpcore5/5.2/httpcore5-5.2.jar:/home/vagrant/.m2/repository/org/apache/httpcomponents/core5/httpcore5-h2/5.2/httpcore5-h2-5.2.jar:/home/vagrant/.m2/repository/org/seleniumhq/selenium/selenium-java/4.30.0/selenium-java-4.30.0.jar:/home/vagrant/.m2/repository/org/seleniumhq/selenium/selenium-api/4.30.0/selenium-api-4.30.0.jar:/home/vagrant/.m2/repository/org/jspecify/jspecify/1.0.0/jspecify-1.0.0.jar:/home/vagrant/.m2/repository/org/seleniumhq/selenium/selenium-chrome-driver/4.30.0/selenium-chrome-driver-4.30.0.jar:/home/vagrant/.m2/repository/org/seleniumhq/selenium/selenium-chromium-driver/4.30.0/selenium-chromium-driver-4.30.0.jar:/home/vagrant/.m2/repository/org/seleniumhq/selenium/selenium-manager/4.30.0/selenium-manager-4.30.0.jar:/home/vagrant/.m2/repository/org/seleniumhq/selenium/selenium-devtools-v132/4.30.0/selenium-devtools-v132-4.30.0.jar:/home/vagrant/.m2/repository/org/seleniumhq/selenium/selenium-devtools-v133/4.30.0/selenium-devtools-v133-4.30.0.jar:/home/vagrant/.m2/repository/org/seleniumhq/selenium/selenium-devtools-v134/4.30.0/selenium-devtools-v134-4.30.0.jar:/home/vagrant/.m2/repository/org/seleniumhq/selenium/selenium-edge-driver/4.30.0/selenium-edge-driver-4.30.0.jar:/home/vagrant/.m2/repository/org/seleniumhq/selenium/selenium-firefox-driver/4.30.0/selenium-firefox-driver-4.30.0.jar:/home/vagrant/.m2/repository/org/seleniumhq/selenium/selenium-http/4.30.0/selenium-http-4.30.0.jar:/home/vagrant/.m2/repository/org/seleniumhq/selenium/selenium-ie-driver/4.30.0/selenium-ie-driver-4.30.0.jar:/home/vagrant/.m2/repository/org/seleniumhq/selenium/selenium-remote-driver/4.30.0/selenium-remote-driver-4.30.0.jar:/home/vagrant/.m2/repository/io/opentelemetry/opentelemetry-api/1.48.0/opentelemetry-api-1.48.0.jar:/home/vagrant/.m2/repository/io/opentelemetry/opentelemetry-context/1.48.0/opentelemetry-context-1.48.0.jar:/home/vagrant/.m2/repository/io/opentelemetry/opentelemetry-exporter-logging/1.48.0/opentelemetry-exporter-logging-1.48.0.jar:/home/vagrant/.m2/repository/io/opentelemetry/opentelemetry-sdk-common/1.48.0/opentelemetry-sdk-common-1.48.0.jar:/home/vagrant/.m2/repository/io/opentelemetry/opentelemetry-sdk-extension-autoconfigure-spi/1.48.0/opentelemetry-sdk-extension-autoconfigure-spi-1.48.0.jar:/home/vagrant/.m2/repository/io/opentelemetry/opentelemetry-sdk-extension-autoconfigure/1.48.0/opentelemetry-sdk-extension-autoconfigure-1.48.0.jar:/home/vagrant/.m2/repository/io/opentelemetry/opentelemetry-sdk-trace/1.48.0/opentelemetry-sdk-trace-1.48.0.jar:/home/vagrant/.m2/repository/io/opentelemetry/opentelemetry-sdk/1.48.0/opentelemetry-sdk-1.48.0.jar:/home/vagrant/.m2/repository/io/opentelemetry/opentelemetry-sdk-metrics/1.48.0/opentelemetry-sdk-metrics-1.48.0.jar:/home/vagrant/.m2/repository/io/opentelemetry/opentelemetry-sdk-logs/1.48.0/opentelemetry-sdk-logs-1.48.0.jar:/home/vagrant/.m2/repository/org/seleniumhq/selenium/selenium-os/4.30.0/selenium-os-4.30.0.jar:/home/vagrant/.m2/repository/org/apache/commons/commons-exec/1.4.0/commons-exec-1.4.0.jar:/home/vagrant/.m2/repository/org/seleniumhq/selenium/selenium-safari-driver/4.30.0/selenium-safari-driver-4.30.0.jar:/home/vagrant/.m2/repository/org/seleniumhq/selenium/selenium-support/4.30.0/selenium-support-4.30.0.jar:/home/vagrant/.m2/repository/com/google/auto/service/auto-service-annotations/1.1.1/auto-service-annotations-1.1.1.jar:/home/vagrant/.m2/repository/com/google/guava/guava/33.4.5-jre/guava-33.4.5-jre.jar:/home/vagrant/.m2/repository/com/google/guava/failureaccess/1.0.3/failureaccess-1.0.3.jar:/home/vagrant/.m2/repository/com/google/guava/listenablefuture/9999.0-empty-to-avoid-conflict-with-guava/listenablefuture-9999.0-empty-to-avoid-conflict-with-guava.jar:/home/vagrant/.m2/repository/com/google/j2objc/j2objc-annotations/3.0.0/j2objc-annotations-3.0.0.jar:/home/vagrant/.m2/repository/net/bytebuddy/byte-buddy/1.17.2/byte-buddy-1.17.2.jar:/home/vagrant/.m2/repository/org/seleniumhq/selenium/selenium-json/4.30.0/selenium-json-4.30.0.jar:/home/vagrant/.m2/repository/io/cucumber/cucumber-java/7.21.1/cucumber-java-7.21.1.jar:/home/vagrant/.m2/repository/org/apiguardian/apiguardian-api/1.1.2/apiguardian-api-1.1.2.jar:/home/vagrant/.m2/repository/io/cucumber/cucumber-core/7.21.1/cucumber-core-7.21.1.jar:/home/vagrant/.m2/repository/io/cucumber/cucumber-gherkin/7.21.1/cucumber-gherkin-7.21.1.jar:/home/vagrant/.m2/repository/io/cucumber/cucumber-gherkin-messages/7.21.1/cucumber-gherkin-messages-7.21.1.jar:/home/vagrant/.m2/repository/io/cucumber/gherkin/31.0.0/gherkin-31.0.0.jar:/home/vagrant/.m2/repository/io/cucumber/messages/27.2.0/messages-27.2.0.jar:/home/vagrant/.m2/repository/io/cucumber/testng-xml-formatter/0.3.1/testng-xml-formatter-0.3.1.jar:/home/vagrant/.m2/repository/io/cucumber/query/13.2.0/query-13.2.0.jar:/home/vagrant/.m2/repository/io/cucumber/tag-expressions/6.1.2/tag-expressions-6.1.2.jar:/home/vagrant/.m2/repository/io/cucumber/cucumber-expressions/18.0.1/cucumber-expressions-18.0.1.jar:/home/vagrant/.m2/repository/io/cucumber/datatable/7.21.1/datatable-7.21.1.jar:/home/vagrant/.m2/repository/io/cucumber/cucumber-plugin/7.21.1/cucumber-plugin-7.21.1.jar:/home/vagrant/.m2/repository/io/cucumber/docstring/7.21.1/docstring-7.21.1.jar:/home/vagrant/.m2/repository/io/cucumber/html-formatter/21.9.0/html-formatter-21.9.0.jar:/home/vagrant/.m2/repository/io/cucumber/junit-xml-formatter/0.7.1/junit-xml-formatter-0.7.1.jar:/home/vagrant/.m2/repository/io/cucumber/ci-environment/10.0.1/ci-environment-10.0.1.jar:/home/vagrant/.m2/repository/io/cucumber/cucumber-testng/7.21.1/cucumber-testng-7.21.1.jar:/home/vagrant/.m2/repository/org/testng/testng/7.10.2/testng-7.10.2.jar:/home/vagrant/.m2/repository/com/beust/jcommander/1.82/jcommander-1.82.jar:/home/vagrant/.m2/repository/org/webjars/jquery/3.7.1/jquery-3.7.1.jar:/home/vagrant/.m2/repository/io/cucumber/cucumber-picocontainer/7.21.1/cucumber-picocontainer-7.21.1.jar:/home/vagrant/.m2/repository/org/picocontainer/picocontainer/2.15/picocontainer-2.15.jar:/home/vagrant/.m2/repository/com/aventstack/chaintest-cucumber-jvm/1.0.11/chaintest-cucumber-jvm-1.0.11.jar:/home/vagrant/.m2/repository/io/cucumber/cucumber-junit/7.11.1/cucumber-junit-7.11.1.jar:/home/vagrant/.m2/repository/junit/junit/4.13.2/junit-4.13.2.jar:/home/vagrant/.m2/repository/com/aventstack/chaintest-core/1.0.11/chaintest-core-1.0.11.jar:/home/vagrant/.m2/repository/org/yaml/snakeyaml/2.3/snakeyaml-2.3.jar:/home/vagrant/.m2/repository/org/freemarker/freemarker/2.3.33/freemarker-2.3.33.jar:/home/vagrant/.m2/repository/com/azure/azure-storage-blob/12.28.0/azure-storage-blob-12.28.0.jar:/home/vagrant/.m2/repository/com/azure/azure-core/1.52.0/azure-core-1.52.0.jar:/home/vagrant/.m2/repository/io/projectreactor/reactor-core/3.4.38/reactor-core-3.4.38.jar:/home/vagrant/.m2/repository/com/azure/azure-core-http-netty/1.15.4/azure-core-http-netty-1.15.4.jar:/home/vagrant/.m2/repository/io/netty/netty-handler/4.1.110.Final/netty-handler-4.1.110.Final.jar:/home/vagrant/.m2/repository/io/netty/netty-handler-proxy/4.1.110.Final/netty-handler-proxy-4.1.110.Final.jar:/home/vagrant/.m2/repository/io/netty/netty-codec-socks/4.1.110.Final/netty-codec-socks-4.1.110.Final.jar:/home/vagrant/.m2/repository/io/netty/netty-buffer/4.1.110.Final/netty-buffer-4.1.110.Final.jar:/home/vagrant/.m2/repository/io/netty/netty-codec/4.1.110.Final/netty-codec-4.1.110.Final.jar:/home/vagrant/.m2/repository/io/netty/netty-codec-http/4.1.110.Final/netty-codec-http-4.1.110.Final.jar:/home/vagrant/.m2/repository/io/netty/netty-codec-http2/4.1.110.Final/netty-codec-http2-4.1.110.Final.jar:/home/vagrant/.m2/repository/io/netty/netty-transport-native-unix-common/4.1.110.Final/netty-transport-native-unix-common-4.1.110.Final.jar:/home/vagrant/.m2/repository/io/netty/netty-transport-native-epoll/4.1.110.Final/netty-transport-native-epoll-4.1.110.Final-linux-x86_64.jar:/home/vagrant/.m2/repository/io/netty/netty-transport-native-kqueue/4.1.110.Final/netty-transport-native-kqueue-4.1.110.Final-osx-x86_64.jar:/home/vagrant/.m2/repository/io/netty/netty-transport-classes-kqueue/4.1.110.Final/netty-transport-classes-kqueue-4.1.110.Final.jar:/home/vagrant/.m2/repository/io/netty/netty-tcnative-boringssl-static/2.0.65.Final/netty-tcnative-boringssl-static-2.0.65.Final.jar:/home/vagrant/.m2/repository/io/netty/netty-tcnative-classes/2.0.65.Final/netty-tcnative-classes-2.0.65.Final.jar:/home/vagrant/.m2/repository/io/netty/netty-tcnative-boringssl-static/2.0.65.Final/netty-tcnative-boringssl-static-2.0.65.Final-linux-x86_64.jar:/home/vagrant/.m2/repository/io/netty/netty-tcnative-boringssl-static/2.0.65.Final/netty-tcnative-boringssl-static-2.0.65.Final-linux-aarch_64.jar:/home/vagrant/.m2/repository/io/netty/netty-tcnative-boringssl-static/2.0.65.Final/netty-tcnative-boringssl-static-2.0.65.Final-osx-x86_64.jar:/home/vagrant/.m2/repository/io/netty/netty-tcnative-boringssl-static/2.0.65.Final/netty-tcnative-boringssl-static-2.0.65.Final-osx-aarch_64.jar:/home/vagrant/.m2/repository/io/netty/netty-tcnative-boringssl-static/2.0.65.Final/netty-tcnative-boringssl-static-2.0.65.Final-windows-x86_64.jar:/home/vagrant/.m2/repository/io/projectreactor/netty/reactor-netty-http/1.0.45/reactor-netty-http-1.0.45.jar:/home/vagrant/.m2/repository/io/netty/netty-resolver-dns/4.1.109.Final/netty-resolver-dns-4.1.109.Final.jar:/home/vagrant/.m2/repository/io/netty/netty-codec-dns/4.1.109.Final/netty-codec-dns-4.1.109.Final.jar:/home/vagrant/.m2/repository/io/netty/netty-resolver-dns-native-macos/4.1.109.Final/netty-resolver-dns-native-macos-4.1.109.Final-osx-x86_64.jar:/home/vagrant/.m2/repository/io/netty/netty-resolver-dns-classes-macos/4.1.109.Final/netty-resolver-dns-classes-macos-4.1.109.Final.jar:/home/vagrant/.m2/repository/io/projectreactor/netty/reactor-netty-core/1.0.45/reactor-netty-core-1.0.45.jar:/home/vagrant/.m2/repository/io/netty/netty-common/4.1.110.Final/netty-common-4.1.110.Final.jar:/home/vagrant/.m2/repository/com/azure/azure-storage-internal-avro/12.13.0/azure-storage-internal-avro-12.13.0.jar:/home/vagrant/.m2/repository/com/azure/azure-xml/1.1.0/azure-xml-1.1.0.jar:/home/vagrant/.m2/repository/com/azure/azure-storage-common/12.28.0/azure-storage-common-12.28.0.jar:/home/vagrant/.m2/repository/com/azure/azure-identity/1.13.3/azure-identity-1.13.3.jar:/home/vagrant/.m2/repository/com/azure/azure-json/1.3.0/azure-json-1.3.0.jar:/home/vagrant/.m2/repository/com/microsoft/azure/msal4j/1.17.1/msal4j-1.17.1.jar:/home/vagrant/.m2/repository/com/nimbusds/oauth2-oidc-sdk/11.18/oauth2-oidc-sdk-11.18.jar:/home/vagrant/.m2/repository/com/github/stephenc/jcip/jcip-annotations/1.0-1/jcip-annotations-1.0-1.jar:/home/vagrant/.m2/repository/com/nimbusds/content-type/2.3/content-type-2.3.jar:/home/vagrant/.m2/repository/com/nimbusds/lang-tag/1.7/lang-tag-1.7.jar:/home/vagrant/.m2/repository/com/nimbusds/nimbus-jose-jwt/9.40/nimbus-jose-jwt-9.40.jar:/home/vagrant/.m2/repository/com/microsoft/azure/msal4j-persistence-extension/1.3.0/msal4j-persistence-extension-1.3.0.jar:/home/vagrant/.m2/repository/net/java/dev/jna/jna-platform/5.6.0/jna-platform-5.6.0.jar:/home/vagrant/.m2/repository/software/amazon/awssdk/s3/2.29.39/s3-2.29.39.jar:/home/vagrant/.m2/repository/software/amazon/awssdk/aws-xml-protocol/2.29.39/aws-xml-protocol-2.29.39.jar:/home/vagrant/.m2/repository/software/amazon/awssdk/aws-query-protocol/2.29.39/aws-query-protocol-2.29.39.jar:/home/vagrant/.m2/repository/software/amazon/awssdk/protocol-core/2.29.39/protocol-core-2.29.39.jar:/home/vagrant/.m2/repository/software/amazon/awssdk/arns/2.29.39/arns-2.29.39.jar:/home/vagrant/.m2/repository/software/amazon/awssdk/profiles/2.29.39/profiles-2.29.39.jar:/home/vagrant/.m2/repository/software/amazon/awssdk/crt-core/2.29.39/crt-core-2.29.39.jar:/home/vagrant/.m2/repository/software/amazon/awssdk/http-auth/2.29.39/http-auth-2.29.39.jar:/home/vagrant/.m2/repository/software/amazon/awssdk/identity-spi/2.29.39/identity-spi-2.29.39.jar:/home/vagrant/.m2/repository/software/amazon/awssdk/http-auth-spi/2.29.39/http-auth-spi-2.29.39.jar:/home/vagrant/.m2/repository/org/reactivestreams/reactive-streams/1.0.4/reactive-streams-1.0.4.jar:/home/vagrant/.m2/repository/software/amazon/awssdk/http-auth-aws/2.29.39/http-auth-aws-2.29.39.jar:/home/vagrant/.m2/repository/software/amazon/awssdk/checksums/2.29.39/checksums-2.29.39.jar:/home/vagrant/.m2/repository/software/amazon/awssdk/checksums-spi/2.29.39/checksums-spi-2.29.39.jar:/home/vagrant/.m2/repository/software/amazon/awssdk/retries-spi/2.29.39/retries-spi-2.29.39.jar:/home/vagrant/.m2/repository/software/amazon/awssdk/sdk-core/2.29.39/sdk-core-2.29.39.jar:/home/vagrant/.m2/repository/software/amazon/awssdk/retries/2.29.39/retries-2.29.39.jar:/home/vagrant/.m2/repository/software/amazon/awssdk/auth/2.29.39/auth-2.29.39.jar:/home/vagrant/.m2/repository/software/amazon/awssdk/http-auth-aws-eventstream/2.29.39/http-auth-aws-eventstream-2.29.39.jar:/home/vagrant/.m2/repository/software/amazon/eventstream/eventstream/1.0.1/eventstream-1.0.1.jar:/home/vagrant/.m2/repository/software/amazon/awssdk/http-client-spi/2.29.39/http-client-spi-2.29.39.jar:/home/vagrant/.m2/repository/software/amazon/awssdk/regions/2.29.39/regions-2.29.39.jar:/home/vagrant/.m2/repository/software/amazon/awssdk/annotations/2.29.39/annotations-2.29.39.jar:/home/vagrant/.m2/repository/software/amazon/awssdk/utils/2.29.39/utils-2.29.39.jar:/home/vagrant/.m2/repository/software/amazon/awssdk/aws-core/2.29.39/aws-core-2.29.39.jar:/home/vagrant/.m2/repository/software/amazon/awssdk/metrics-spi/2.29.39/metrics-spi-2.29.39.jar:/home/vagrant/.m2/repository/software/amazon/awssdk/json-utils/2.29.39/json-utils-2.29.39.jar:/home/vagrant/.m2/repository/software/amazon/awssdk/third-party-jackson-core/2.29.39/third-party-jackson-core-2.29.39.jar:/home/vagrant/.m2/repository/software/amazon/awssdk/endpoints-spi/2.29.39/endpoints-spi-2.29.39.jar:/home/vagrant/.m2/repository/software/amazon/awssdk/netty-nio-client/2.29.39/netty-nio-client-2.29.39.jar:/home/vagrant/.m2/repository/io/netty/netty-transport/4.1.115.Final/netty-transport-4.1.115.Final.jar:/home/vagrant/.m2/repository/io/netty/netty-transport-classes-epoll/4.1.115.Final/netty-transport-classes-epoll-4.1.115.Final.jar:/home/vagrant/.m2/repository/io/netty/netty-resolver/4.1.115.Final/netty-resolver-4.1.115.Final.jar:/home/vagrant/.m2/repository/software/amazon/awssdk/apache-client/2.29.39/apache-client-2.29.39.jar:/home/vagrant/.m2/repository/org/apache/httpcomponents/httpclient/4.5.13/httpclient-4.5.13.jar:/home/vagrant/.m2/repository/commons-logging/commons-logging/1.2/commons-logging-1.2.jar:/home/vagrant/.m2/repository/org/apache/httpcomponents/httpcore/4.4.16/httpcore-4.4.16.jar:/home/vagrant/.m2/repository/ch/qos/logback/logback-classic/1.5.9/logback-classic-1.5.9.jar:/home/vagrant/.m2/repository/ch/qos/logback/logback-core/1.5.9/logback-core-1.5.9.jar:/home/vagrant/.m2/repository/org/apache/httpcomponents/client5/httpclient5-fluent/5.4/httpclient5-fluent-5.4.jar:/home/vagrant/.m2/repository/org/wiremock/wiremock/3.10.0/wiremock-3.10.0.jar:/home/vagrant/.m2/repository/org/eclipse/jetty/jetty-server/11.0.24/jetty-server-11.0.24.jar:/home/vagrant/.m2/repository/org/eclipse/jetty/jetty-http/11.0.24/jetty-http-11.0.24.jar:/home/vagrant/.m2/repository/org/eclipse/jetty/jetty-io/11.0.24/jetty-io-11.0.24.jar:/home/vagrant/.m2/repository/org/eclipse/jetty/toolchain/jetty-jakarta-servlet-api/5.0.2/jetty-jakarta-servlet-api-5.0.2.jar:/home/vagrant/.m2/repository/org/eclipse/jetty/jetty-servlet/11.0.24/jetty-servlet-11.0.24.jar:/home/vagrant/.m2/repository/org/eclipse/jetty/jetty-security/11.0.24/jetty-security-11.0.24.jar:/home/vagrant/.m2/repository/org/eclipse/jetty/jetty-servlets/11.0.24/jetty-servlets-11.0.24.jar:/home/vagrant/.m2/repository/org/eclipse/jetty/jetty-util/11.0.24/jetty-util-11.0.24.jar:/home/vagrant/.m2/repository/org/eclipse/jetty/jetty-webapp/11.0.24/jetty-webapp-11.0.24.jar:/home/vagrant/.m2/repository/org/eclipse/jetty/jetty-xml/11.0.24/jetty-xml-11.0.24.jar:/home/vagrant/.m2/repository/org/eclipse/jetty/jetty-proxy/11.0.24/jetty-proxy-11.0.24.jar:/home/vagrant/.m2/repository/org/eclipse/jetty/jetty-client/11.0.24/jetty-client-11.0.24.jar:/home/vagrant/.m2/repository/org/eclipse/jetty/http2/http2-server/11.0.24/http2-server-11.0.24.jar:/home/vagrant/.m2/repository/org/eclipse/jetty/http2/http2-common/11.0.24/http2-common-11.0.24.jar:/home/vagrant/.m2/repository/org/eclipse/jetty/http2/http2-hpack/11.0.24/http2-hpack-11.0.24.jar:/home/vagrant/.m2/repository/org/eclipse/jetty/jetty-alpn-server/11.0.24/jetty-alpn-server-11.0.24.jar:/home/vagrant/.m2/repository/org/eclipse/jetty/jetty-alpn-java-server/11.0.24/jetty-alpn-java-server-11.0.24.jar:/home/vagrant/.m2/repository/org/eclipse/jetty/jetty-alpn-java-client/11.0.24/jetty-alpn-java-client-11.0.24.jar:/home/vagrant/.m2/repository/org/eclipse/jetty/jetty-alpn-client/11.0.24/jetty-alpn-client-11.0.24.jar:/home/vagrant/.m2/repository/com/fasterxml/jackson/core/jackson-core/2.18.2/jackson-core-2.18.2.jar:/home/vagrant/.m2/repository/com/fasterxml/jackson/core/jackson-annotations/2.18.2/jackson-annotations-2.18.2.jar:/home/vagrant/.m2/repository/com/fasterxml/jackson/core/jackson-databind/2.18.2/jackson-databind-2.18.2.jar:/home/vagrant/.m2/repository/com/fasterxml/jackson/datatype/jackson-datatype-jsr310/2.18.2/jackson-datatype-jsr310-2.18.2.jar:/home/vagrant/.m2/repository/org/xmlunit/xmlunit-core/2.10.0/xmlunit-core-2.10.0.jar:/home/vagrant/.m2/repository/jakarta/xml/bind/jakarta.xml.bind-api/2.3.3/jakarta.xml.bind-api-2.3.3.jar:/home/vagrant/.m2/repository/jakarta/activation/jakarta.activation-api/1.2.2/jakarta.activation-api-1.2.2.jar:/home/vagrant/.m2/repository/org/xmlunit/xmlunit-legacy/2.10.0/xmlunit-legacy-2.10.0.jar:/home/vagrant/.m2/repository/org/xmlunit/xmlunit-placeholders/2.10.0/xmlunit-placeholders-2.10.0.jar:/home/vagrant/.m2/repository/net/javacrumbs/json-unit/json-unit-core/2.40.1/json-unit-core-2.40.1.jar:/home/vagrant/.m2/repository/org/hamcrest/hamcrest-core/2.2/hamcrest-core-2.2.jar:/home/vagrant/.m2/repository/org/hamcrest/hamcrest/2.2/hamcrest-2.2.jar:/home/vagrant/.m2/repository/com/jayway/jsonpath/json-path/2.9.0/json-path-2.9.0.jar:/home/vagrant/.m2/repository/net/minidev/json-smart/2.5.0/json-smart-2.5.0.jar:/home/vagrant/.m2/repository/net/minidev/accessors-smart/2.5.0/accessors-smart-2.5.0.jar:/home/vagrant/.m2/repository/net/sf/jopt-simple/jopt-simple/5.0.4/jopt-simple-5.0.4.jar:/home/vagrant/.m2/repository/com/github/jknack/handlebars/4.3.1/handlebars-4.3.1.jar:/home/vagrant/.m2/repository/com/github/jknack/handlebars-helpers/4.3.1/handlebars-helpers-4.3.1.jar:/home/vagrant/.m2/repository/commons-fileupload/commons-fileupload/1.5/commons-fileupload-1.5.jar:/home/vagrant/.m2/repository/com/networknt/json-schema-validator/1.5.4/json-schema-validator-1.5.4.jar:/home/vagrant/.m2/repository/com/ethlo/time/itu/1.10.2/itu-1.10.2.jar:/home/vagrant/.m2/repository/com/fasterxml/jackson/dataformat/jackson-dataformat-yaml/2.18.1/jackson-dataformat-yaml-2.18.1.jar:"/>
    <property name="sun.cpu.endian" value="little"/>
    <property name="user.home" value="/home/vagrant"/>
    <property name="user.language" value="en"/>
    <property name="java.specification.vendor" value="Oracle Corporation"/>
    <property name="java.version.date" value="2024-07-16"/>
    <property name="java.home" value="/home/vagrant/.sdkman/candidates/java/17.0.12-oracle"/>
    <property name="file.separator" value="/"/>
    <property name="basedir" value="/home/vagrant/nirvana/chaintestreporting/cucumberintegration"/>
    <property name="java.vm.compressedOopsMode" value="Zero based"/>
    <property name="line.separator" value="&#10;"/>
    <property name="java.vm.specification.vendor" value="Oracle Corporation"/>
    <property name="java.specification.name" value="Java Platform API Specification"/>
    <property name="surefire.real.class.path" value="/home/vagrant/nirvana/chaintestreporting/cucumberintegration/target/surefire/surefirebooter-20250329100309504_13.jar"/>
    <property name="sun.management.compiler" value="HotSpot 64-Bit Tiered Compilers"/>
    <property name="java.runtime.version" value="17.0.12+8-LTS-286"/>
    <property name="user.name" value="vagrant"/>
    <property name="path.separator" value=":"/>
    <property name="os.version" value="5.15.0-134-generic"/>
    <property name="java.runtime.name" value="Java(TM) SE Runtime Environment"/>
    <property name="file.encoding" value="UTF-8"/>
    <property name="java.vm.name" value="Java HotSpot(TM) 64-Bit Server VM"/>
    <property name="localRepository" value="/home/vagrant/.m2/repository"/>
    <property name="java.vendor.url.bug" value="https://bugreport.java.com/bugreport/"/>
    <property name="java.io.tmpdir" value="/tmp"/>
    <property name="java.version" value="17.0.12"/>
    <property name="user.dir" value="/home/vagrant/nirvana/chaintestreporting/cucumberintegration"/>
    <property name="os.arch" value="amd64"/>
    <property name="java.vm.specification.name" value="Java Virtual Machine Specification"/>
    <property name="native.encoding" value="UTF-8"/>
    <property name="java.library.path" value="/usr/java/packages/lib:/usr/lib64:/lib64:/lib:/usr/lib"/>
    <property name="java.vm.info" value="mixed mode, sharing"/>
    <property name="java.vendor" value="Oracle Corporation"/>
    <property name="java.vm.version" value="17.0.12+8-LTS-286"/>
    <property name="sun.io.unicode.encoding" value="UnicodeLittle"/>
    <property name="java.class.version" value="61.0"/>
  </properties>
  <testcase name="runScenario[&quot;To launch the BugZilla and verify the page title&quot;, &quot;To test the login scenario of BugZilla&quot;](1)" classname="com.learning.runner.BugZillaRunner" time="5.586">
    <failure message="expected [Bugzilla – Main Page] but found [Log in to Bugzilla]" type="java.lang.AssertionError"><![CDATA[java.lang.AssertionError: expected [Bugzilla – Main Page] but found [Log in to Bugzilla]
	at org.testng.Assert.fail(Assert.java:111)
	at org.testng.Assert.failNotEquals(Assert.java:1578)
	at org.testng.Assert.assertEqualsImpl(Assert.java:150)
	at org.testng.Assert.assertEquals(Assert.java:132)
	at org.testng.Assert.assertEquals(Assert.java:656)
	at org.testng.Assert.assertEquals(Assert.java:666)
	at com.learning.stepdfn.StepDefinition.page_should_be_open_wth_title(StepDefinition.java:40)
	at ✽.Page should be open wth title "Bugzilla – Main Page"(file:///home/vagrant/nirvana/chaintestreporting/cucumberintegration/src/test/resources/features/BgzillaAutomation.feature:8)
]]></failure>
    <system-out><![CDATA[10:03:10.715 [main] DEBUG c.a.c.service.ChainPluginService - Found configuration entry chaintest.generator.email.enabled, will use chaintest.generator.email.class-name to resolve class
10:03:10.721 [main] DEBUG c.a.c.service.ChainPluginService - Found configuration entry chaintest.generator.chainlp.enabled, will use chaintest.generator.chainlp.class-name to resolve class
10:03:10.723 [main] DEBUG c.a.c.service.ChainPluginService - Found configuration entry chaintest.generator.simple.enabled, will use chaintest.generator.simple.class-name to resolve class
10:03:10.725 [main] DEBUG c.a.c.generator.FileGenerator - Loading template index.ftl for class class com.aventstack.chaintest.generator.ChainTestEmailGenerator with basePackagePath email/
10:03:11.246 [main] DEBUG c.a.chaintest.http.HttpRetryHandler - Creating HttpRetryHandler instance for 3 retry attempts
10:03:11.319 [main] DEBUG c.a.c.http.ChainTestApiClient - Created request for entity Build with body: {"id":0,"projectId":0,"projectName":"CucumberTestProject","startedAt":1743242591246,"endedAt":0,"durationMs":0,"executionStage":"IN_PROGRESS","testRunner":"cucumber-jvm","name":null,"result":"PASSED","tagStatsMonitor":{},"tags":[],"gitRepository":null,"gitBranch":null,"gitCommitHash":null,"gitTags":null,"gitCommitMessage":null,"systemInfo":[{"id":0,"name":"java.version","val":"17.0.12"},{"id":0,"name":"java.vm.name","val":"Java HotSpot(TM) 64-Bit Server VM"},{"id":0,"name":"java.vm.vendor","val":"Oracle Corporation"},{"id":0,"name":"java.class.version","val":"61.0"},{"id":0,"name":"java.runtime.name","val":"Java(TM) SE Runtime Environment"},{"id":0,"name":"os.name","val":"Linux"},{"id":0,"name":"os.arch","val":"amd64"},{"id":0,"name":"os.version","val":"5.15.0-134-generic"}],"bdd":false,"durationPretty":"0ms"}
10:03:11.417 [HttpClient-1-Worker-1] DEBUG c.a.c.http.JsonMappedBodyHandler - Received response from service: {"id":19,"displayId":7,"projectId":3,"name":null,"number":null,"projectName":"CucumberTestProject","buildstats":null,"tagStats":null,"systemInfo":[{"name":"java.class.version","val":"61.0"},{"name":"os.arch","val":"amd64"},{"name":"java.vm.name","val":"Java HotSpot(TM) 64-Bit Server VM"},{"name":"java.vm.vendor","val":"Oracle Corporation"},{"name":"java.runtime.name","val":"Java(TM) SE Runtime Environment"},{"name":"os.version","val":"5.15.0-134-generic"},{"name":"java.version","val":"17.0.12"},{"name":"os.name","val":"Linux"}],"startedAt":1743242591246,"endedAt":0,"durationMs":0,"executionStage":"IN_PROGRESS","testRunner":"cucumber-jvm","result":"PASSED","tags":[],"bdd":false}
10:03:11.457 [main] DEBUG c.a.chaintest.http.HttpRetryHandler - Create API returned responseCode: 200
10:03:11.457 [main] DEBUG c.a.c.generator.ChainLPGenerator - All tests in this run will be associated with buildId: 19
10:03:11.459 [main] DEBUG c.a.c.generator.FileGenerator - Loading template index.ftl for class class com.aventstack.chaintest.generator.ChainTestSimpleGenerator with basePackagePath simple

Scenario: To launch the BugZilla and verify the page title             &amp#27;[90m# src/test/resources/features/BgzillaAutomation.feature:3&amp#27;[0m
  &amp#27;[32mGiven &amp#27;[0m&amp#27;[32mI open the BugZilla webpage at &amp#27;[0m&amp#27;[32m&amp#27;[1m"http://localhost:90/bugzilla/"&amp#27;[0m &amp#27;[90m# com.learning.stepdfn.StepDefinition.i_open_the_bug_zilla_webpage_at(java.lang.String)&amp#27;[0m
  &amp#27;[32mThen &amp#27;[0m&amp#27;[32mI clicked on the login button&amp#27;[0m                                   &amp#27;[90m# com.learning.stepdfn.StepDefinition.i_clicked_on_the_login_button()&amp#27;[0m
  &amp#27;[32mAnd &amp#27;[0m&amp#27;[32mI provided the username as &amp#27;[0m&amp#27;[32m&amp#27;[1m"admin"&amp#27;[0m&amp#27;[32m and password as &amp#27;[0m&amp#27;[32m&amp#27;[1m"password"&amp#27;[0m    &amp#27;[90m# com.learning.stepdfn.StepDefinition.i_provided_the_username_as_and_password_as(java.lang.String,java.lang.String)&amp#27;[0m
  &amp#27;[32mWhen &amp#27;[0m&amp#27;[32mI click the login button again&amp#27;[0m                                  &amp#27;[90m# com.learning.stepdfn.StepDefinition.i_click_the_login_button_again()&amp#27;[0m
  &amp#27;[31mThen &amp#27;[0m&amp#27;[31mPage should be open wth title &amp#27;[0m&amp#27;[31m&amp#27;[1m"Bugzilla – Main Page"&amp#27;[0m            &amp#27;[90m# com.learning.stepdfn.StepDefinition.page_should_be_open_wth_title(java.lang.String)&amp#27;[0m
      &amp#27;[31mjava.lang.AssertionError: expected [Bugzilla – Main Page] but found [Log in to Bugzilla]
      	at org.testng.Assert.fail(Assert.java:111)
      	at org.testng.Assert.failNotEquals(Assert.java:1578)
      	at org.testng.Assert.assertEqualsImpl(Assert.java:150)
      	at org.testng.Assert.assertEquals(Assert.java:132)
      	at org.testng.Assert.assertEquals(Assert.java:656)
      	at org.testng.Assert.assertEquals(Assert.java:666)
      	at com.learning.stepdfn.StepDefinition.page_should_be_open_wth_title(StepDefinition.java:40)
      	at ✽.Page should be open wth title "Bugzilla – Main Page"(file:///home/vagrant/nirvana/chaintestreporting/cucumberintegration/src/test/resources/features/BgzillaAutomation.feature:8)&amp#27;[0m

    Embedding To launch the BugZilla and verify the page title [image/png 334324 bytes]

]]></system-out>
  </testcase>
</testsuite>